Tue Nov 28 14:36:26 GMT 2006,PHT_MASTER\LloydJ,/phpadadmin/releases/v0.320/index.php?page=config
Tue Nov 28 15:48:07 GMT 2006,pht_master\lloydj,/phpadadmin/releases/v0.320/index.php?page=config
Tue Nov 28 15:48:12 GMT 2006,PHT_MASTER\LloydJ,/phpadadmin/releases/v0.320/index.php?page=config
Tue Nov 28 15:48:14 GMT 2006,PHT_MASTER\LloydJ,/phpadadmin/releases/v0.320/index.php?page=myfolders
Tue Nov 28 15:48:16 GMT 2006,PHT_MASTER\LloydJ,/phpadadmin/releases/v0.320/index.php?page=mygroups
Tue Nov 28 15:48:18 GMT 2006,PHT_MASTER\LloydJ,/phpadadmin/releases/v0.320/index.php?page=myfolders
Tue Nov 28 15:48:20 GMT 2006,PHT_MASTER\LloydJ,/phpadadmin/releases/v0.320/index.php?page=mynetworkdetails
Tue Nov 28 15:48:21 GMT 2006,PHT_MASTER\LloydJ,/phpadadmin/releases/v0.320/index.php?page=myfolders
Tue Nov 28 15:48:22 GMT 2006,PHT_MASTER\LloydJ,/phpadadmin/releases/v0.320/index.php?page=mygroups
Tue Nov 28 15:48:22 GMT 2006,PHT_MASTER\LloydJ,/phpadadmin/releases/v0.320/index.php?page=myfolders
Tue Nov 28 15:48:22 GMT 2006,PHT_MASTER\LloydJ,/phpadadmin/releases/v0.320/index.php?page=mynetworkdetails
Tue Nov 28 15:48:25 GMT 2006,PHT_MASTER\LloydJ,/phpadadmin/releases/v0.320/index.php?page=mynetworkdetails
Tue Nov 28 16:02:13 GMT 2006,PHT_MASTER\LloydJ,/phpadadmin/releases/v0.320/index.php?page=myfolders
Tue Nov 28 16:02:14 GMT 2006,PHT_MASTER\LloydJ,/phpadadmin/releases/v0.320/index.php?page=mygroups
Tue Nov 28 16:02:15 GMT 2006,PHT_MASTER\LloydJ,/phpadadmin/releases/v0.320/index.php?page=myfolders
Tue Nov 28 16:37:19 GMT 2006,PHT_MASTER\LloydJ,/phpadadmin/releases/v0.320/index.php?page=mynetworkdetails
Tue Nov 28 16:37:25 GMT 2006,PHT_MASTER\LloydJ,/phpadadmin/releases/v0.320/index.php?page=userinfo-update
Tue Nov 28 16:37:27 GMT 2006,PHT_MASTER\LloydJ,/phpadadmin/releases/v0.320/index.php
Tue Nov 28 16:38:00 GMT 2006,PHT_MASTER\LloydJ,/phpadadmin/releases/v0.320/index.php
Tue Nov 28 16:42:31 GMT 2006,PHT_MASTER\LloydJ,/phpadadmin/releases/v0.320/index.php?page=config
Tue Nov 28 16:42:32 GMT 2006,PHT_MASTER\LloydJ,/phpadadmin/releases/v0.320/index.php?page=mynetworkdetails
Tue Nov 28 16:42:52 GMT 2006,PHT_MASTER\LloydJ,/phpadadmin/releases/v0.320/index.php?page=config
Tue Nov 28 16:42:54 GMT 2006,PHT_MASTER\LloydJ,/phpadadmin/releases/v0.320/index.php?page=mynetworkdetails
Tue Nov 28 16:43:09 GMT 2006,PHT_MASTER\LloydJ,/phpadadmin/releases/v0.320/index.php?page=mynetworkdetails
Tue Nov 28 16:46:20 GMT 2006,PHT_MASTER\LloydJ,/phpadadmin/releases/v0.320/index.php?page=mynetworkdetails
Tue Nov 28 16:46:23 GMT 2006,PHT_MASTER\LloydJ,/phpadadmin/releases/v0.320/index.php?page=userinfo-update
Tue Nov 28 16:46:26 GMT 2006,PHT_MASTER\LloydJ,/phpadadmin/releases/v0.320/index.php
Tue Nov 28 16:46:29 GMT 2006,PHT_MASTER\LloydJ,/phpadadmin/releases/v0.320/index.php?page=userinfo-update
Tue Nov 28 16:46:31 GMT 2006,PHT_MASTER\LloydJ,/phpadadmin/releases/v0.320/index.php
Tue Nov 28 16:47:11 GMT 2006,PHT_MASTER\LloydJ,/phpadadmin/releases/v0.320/index.php
Tue Nov 28 16:47:13 GMT 2006,PHT_MASTER\LloydJ,/phpadadmin/releases/v0.320/index.php?page=userinfo-update
Tue Nov 28 16:47:15 GMT 2006,PHT_MASTER\LloydJ,/phpadadmin/releases/v0.320/index.php
Tue Nov 28 16:47:17 GMT 2006,PHT_MASTER\LloydJ,/phpadadmin/releases/v0.320/index.php?page=userinfo-update
Tue Nov 28 16:47:19 GMT 2006,PHT_MASTER\LloydJ,/phpadadmin/releases/v0.320/index.php
Tue Nov 28 16:47:22 GMT 2006,PHT_MASTER\LloydJ,/phpadadmin/releases/v0.320/index.php?page=userinfo-update
Tue Nov 28 16:47:23 GMT 2006,PHT_MASTER\LloydJ,/phpadadmin/releases/v0.320/index.php
Tue Nov 28 16:47:49 GMT 2006,PHT_MASTER\LloydJ,/phpadadmin/releases/v0.320/index.php?page=config
Tue Nov 28 16:47:50 GMT 2006,PHT_MASTER\LloydJ,/phpadadmin/releases/v0.320/index.php?page=mynetworkdetails
Tue Nov 28 16:47:53 GMT 2006,PHT_MASTER\LloydJ,/phpadadmin/releases/v0.320/index.php?page=userinfo-update
Tue Nov 28 16:47:54 GMT 2006,PHT_MASTER\LloydJ,/phpadadmin/releases/v0.320/index.php
Tue Nov 28 16:47:57 GMT 2006,PHT_MASTER\LloydJ,/phpadadmin/releases/v0.320/index.php?page=userinfo-update
Tue Nov 28 16:47:58 GMT 2006,PHT_MASTER\LloydJ,/phpadadmin/releases/v0.320/index.php
Tue Nov 28 16:48:23 GMT 2006,PHT_MASTER\LloydJ,/phpadadmin/releases/v0.320/index.php?page=config
Tue Nov 28 16:48:27 GMT 2006,PHT_MASTER\LloydJ,/phpadadmin/releases/v0.320/index.php?page=config
Tue Nov 28 16:48:27 GMT 2006,PHT_MASTER\LloydJ,/phpadadmin/releases/v0.320/index.php?page=mynetworkdetails
Tue Nov 28 16:48:37 GMT 2006,PHT_MASTER\LloydJ,/phpadadmin/releases/v0.320/index.php?page=config
Tue Nov 28 16:48:41 GMT 2006,PHT_MASTER\LloydJ,/phpadadmin/releases/v0.320/index.php?page=config
Tue Nov 28 16:48:42 GMT 2006,PHT_MASTER\LloydJ,/phpadadmin/releases/v0.320/index.php?page=mynetworkdetails
Tue Nov 28 16:49:34 GMT 2006,PHT_MASTER\LloydJ,/phpadadmin/releases/v0.320/index.php?page=config
Tue Nov 28 16:50:46 GMT 2006,PHT_MASTER\LloydJ,/phpadadmin/releases/v0.320/index.php?page=mynetworkdetails
Tue Nov 28 16:58:20 GMT 2006,PHT_MASTER\LloydJ,/phpadadmin/releases/v0.320/index.php?page=mynetworkdetails
Tue Nov 28 16:58:26 GMT 2006,PHT_MASTER\LloydJ,/phpadadmin/releases/v0.320/index.php?page=userinfo-update
Tue Nov 28 16:58:28 GMT 2006,PHT_MASTER\LloydJ,/phpadadmin/releases/v0.320/index.php
Tue Nov 28 16:58:31 GMT 2006,PHT_MASTER\LloydJ,/phpadadmin/releases/v0.320/index.php?page=userinfo-update
Tue Nov 28 16:58:32 GMT 2006,PHT_MASTER\LloydJ,/phpadadmin/releases/v0.320/index.php
Tue Nov 28 16:58:34 GMT 2006,PHT_MASTER\LloydJ,/phpadadmin/releases/v0.320/index.php?page=mynetworkdetails
Tue Nov 28 16:58:37 GMT 2006,PHT_MASTER\LloydJ,/phpadadmin/releases/v0.320/index.php?page=config
