Fri Dec 1 7:40:07 GMT 2006,PHT_MASTER\LloydJ,/phpadadmin/releases/v0.321/index.php
Fri Dec 1 7:53:48 GMT 2006,PHT_MASTER\LloydJ,/phpadadmin/releases/v0.321/index.php?debug=true
Fri Dec 1 7:55:07 GMT 2006,PHT_MASTER\LloydJ,/phpadadmin/releases/v0.321/index.php?debug=true
Fri Dec 1 7:55:28 GMT 2006,PHT_MASTER\LloydJ,/phpadadmin/releases/v0.321/index.php?debug=true
Fri Dec 1 7:56:34 GMT 2006,PHT_MASTER\LloydJ,/phpadadmin/releases/v0.321/index.php?debug=true
Fri Dec 1 7:56:34 GMT 2006,PHT_MASTER\LloydJ,/phpadadmin/releases/v0.321/index.php?debug=true
Fri Dec 1 7:56:35 GMT 2006,PHT_MASTER\LloydJ,/phpadadmin/releases/v0.321/index.php?debug=true
Fri Dec 1 7:56:35 GMT 2006,PHT_MASTER\LloydJ,/phpadadmin/releases/v0.321/index.php?debug=true
Fri Dec 1 7:56:36 GMT 2006,PHT_MASTER\LloydJ,/phpadadmin/releases/v0.321/index.php?page=myfolders
Fri Dec 1 7:56:39 GMT 2006,PHT_MASTER\LloydJ,/phpadadmin/releases/v0.321/index.php?page=mygroups
Fri Dec 1 7:56:40 GMT 2006,PHT_MASTER\LloydJ,/phpadadmin/releases/v0.321/index.php?page=mynetworkdetails
Fri Dec 1 7:56:41 GMT 2006,PHT_MASTER\LloydJ,/phpadadmin/releases/v0.321/index.php?page=mynetworkdetails
Fri Dec 1 7:56:42 GMT 2006,PHT_MASTER\LloydJ,/phpadadmin/releases/v0.321/index.php?page=myfolders
Fri Dec 1 7:56:43 GMT 2006,PHT_MASTER\LloydJ,/phpadadmin/releases/v0.321/index.php?page=mynetworkdetails
Fri Dec 1 7:56:49 GMT 2006,PHT_MASTER\LloydJ,/phpadadmin/releases/v0.321/index.php?page=mynetworkdetails&debug=true
Fri Dec 1 8:04:35 GMT 2006,PHT_MASTER\LloydJ,/phpadadmin/releases/v0.321/index.php
Fri Dec 1 8:04:56 GMT 2006,PHT_MASTER\LloydJ,/phpadadmin/releases/v0.321/index.php
Fri Dec 1 8:05:37 GMT 2006,PHT_MASTER\LloydJ,/phpadadmin/releases/v0.321/index.php
Fri Dec 1 8:06:17 GMT 2006,PHT_MASTER\LloydJ,/phpadadmin/releases/v0.321/index.php
Fri Dec 1 8:06:37 GMT 2006,PHT_MASTER\LloydJ,/phpadadmin/releases/v0.321/index.php
Fri Dec 1 8:06:44 GMT 2006,PHT_MASTER\LloydJ,/phpadadmin/releases/v0.321/index.php?page=userinfo-update
Fri Dec 1 8:06:45 GMT 2006,PHT_MASTER\LloydJ,/phpadadmin/releases/v0.321/index.php?page=mynetworkdetails
Fri Dec 1 8:07:50 GMT 2006,PHT_MASTER\LloydJ,/phpadadmin/releases/v0.321/index.php?page=mynetworkdetails
Fri Dec 1 8:08:00 GMT 2006,PHT_MASTER\LloydJ,/phpadadmin/releases/v0.321/index.php?page=mynetworkdetails
Fri Dec 1 8:29:25 GMT 2006,PHT_MASTER\LloydJ,/phpadadmin/releases/v0.321/index.php?page=mynetworkdetails
Fri Dec 1 8:30:29 GMT 2006,PHT_MASTER\LloydJ,/phpadadmin/releases/v0.321/index.php?page=mynetworkdetails
Fri Dec 1 8:30:49 GMT 2006,PHT_MASTER\LloydJ,/phpadadmin/releases/v0.321/index.php?page=mynetworkdetails
Fri Dec 1 8:31:06 GMT 2006,PHT_MASTER\LloydJ,/phpadadmin/releases/v0.321/index.php?page=mynetworkdetails
Fri Dec 1 8:32:22 GMT 2006,PHT_MASTER\LloydJ,/phpadadmin/releases/v0.321/index.php?page=mynetworkdetails
Fri Dec 1 8:34:21 GMT 2006,PHT_MASTER\LloydJ,/phpadadmin/releases/v0.321/index.php?page=mynetworkdetails
Fri Dec 1 8:34:29 GMT 2006,PHT_MASTER\LloydJ,/phpadadmin/releases/v0.321/index.php?page=userinfo-update
Fri Dec 1 8:34:30 GMT 2006,PHT_MASTER\LloydJ,/phpadadmin/releases/v0.321/index.php?page=mynetworkdetails
Fri Dec 1 8:34:36 GMT 2006,PHT_MASTER\LloydJ,/phpadadmin/releases/v0.321/index.php?page=userinfo-update
Fri Dec 1 8:34:39 GMT 2006,PHT_MASTER\LloydJ,/phpadadmin/releases/v0.321/index.php?page=mynetworkdetails
Fri Dec 1 8:34:57 GMT 2006,PHT_MASTER\LloydJ,/phpadadmin/releases/v0.321/index.php?page=mynetworkdetails
Fri Dec 1 8:35:38 GMT 2006,PHT_MASTER\LloydJ,/phpadadmin/releases/v0.321/index.php?page=mynetworkdetails
Fri Dec 1 8:36:02 GMT 2006,PHT_MASTER\LloydJ,/phpadadmin/releases/v0.321/index.php?page=mynetworkdetails
Fri Dec 1 8:36:05 GMT 2006,PHT_MASTER\LloydJ,/phpadadmin/releases/v0.321/index.php?page=userinfo-update
Fri Dec 1 8:36:06 GMT 2006,PHT_MASTER\LloydJ,/phpadadmin/releases/v0.321/index.php?page=mynetworkdetails
Fri Dec 1 8:36:08 GMT 2006,PHT_MASTER\LloydJ,/phpadadmin/releases/v0.321/index.php?page=userinfo-update
Fri Dec 1 8:36:09 GMT 2006,PHT_MASTER\LloydJ,/phpadadmin/releases/v0.321/index.php?page=mynetworkdetails
Fri Dec 1 8:37:13 GMT 2006,PHT_MASTER\LloydJ,/phpadadmin/releases/v0.321/index.php?page=mynetworkdetails
Fri Dec 1 8:37:27 GMT 2006,PHT_MASTER\LloydJ,/phpadadmin/releases/v0.321/index.php?page=mynetworkdetails
Fri Dec 1 8:37:27 GMT 2006,PHT_MASTER\LloydJ,/phpadadmin/releases/v0.321/index.php?page=mynetworkdetails
Fri Dec 1 8:37:28 GMT 2006,PHT_MASTER\LloydJ,/phpadadmin/releases/v0.321/index.php?page=mynetworkdetails
Fri Dec 1 8:37:28 GMT 2006,PHT_MASTER\LloydJ,/phpadadmin/releases/v0.321/index.php?page=mynetworkdetails
Fri Dec 1 8:37:29 GMT 2006,PHT_MASTER\LloydJ,/phpadadmin/releases/v0.321/index.php?page=mynetworkdetails
Fri Dec 1 8:38:51 GMT 2006,PHT_MASTER\LloydJ,/phpadadmin/releases/v0.321/index.php?page=mynetworkdetails
Fri Dec 1 8:49:32 GMT 2006,PHT_MASTER\LloydJ,/phpadadmin/releases/v0.321/index.php?page=mynetworkdetails
Fri Dec 1 8:51:56 GMT 2006,,/phpadadmin/releases/v0.321/index.php
Fri Dec 1 8:52:39 GMT 2006,PHT_MASTER\LloydJ,/phpadadmin/releases/v0.321/index.php
Fri Dec 1 9:30:39 GMT 2006,PHT_MASTER\LloydJ,/phpadadmin/releases/v0.321/index.php
Fri Dec 1 9:31:01 GMT 2006,PHT_MASTER\LloydJ,/phpadadmin/releases/v0.321/index.php
Fri Dec 1 9:33:24 GMT 2006,PHT_MASTER\LloydJ,/phpadadmin/releases/v0.321/index.php?page=userinfo-update
Fri Dec 1 9:33:25 GMT 2006,PHT_MASTER\LloydJ,/phpadadmin/releases/v0.321/index.php?page=mynetworkdetails
Fri Dec 1 9:34:15 GMT 2006,PHT_MASTER\LloydJ,/phpadadmin/releases/v0.321/index.php?page=mynetworkdetails
Fri Dec 1 9:34:22 GMT 2006,PHT_MASTER\LloydJ,/phpadadmin/releases/v0.321/index.php?page=userinfo-update
Fri Dec 1 9:34:23 GMT 2006,PHT_MASTER\LloydJ,/phpadadmin/releases/v0.321/index.php?page=mynetworkdetails
Fri Dec 1 9:34:35 GMT 2006,PHT_MASTER\LloydJ,/phpadadmin/releases/v0.321/index.php?page=mynetworkdetails
Fri Dec 1 9:37:01 GMT 2006,PHT_MASTER\LloydJ,/phpadadmin/releases/v0.321/index.php?page=mynetworkdetails
Fri Dec 1 9:43:34 GMT 2006,,/phpadadmin/releases/v0.321/index.php?page=mynetworkdetails
Fri Dec 1 9:43:57 GMT 2006,PHT_MASTER\LloydJ,/phpadadmin/releases/v0.321/index.php?page=mynetworkdetails
Fri Dec 1 9:58:27 GMT 2006,PHT_MASTER\LloydJ,/phpadadmin/releases/v0.321/index.php
Fri Dec 1 10:04:12 GMT 2006,PHT_MASTER\LloydJ,/phpadadmin/releases/v0.321/index.php?page=mynetworkdetails
Fri Dec 1 10:27:07 GMT 2006,PHT_MASTER\LloydJ,/phpadadmin/releases/v0.321/index.php?page=mynetworkdetails
Fri Dec 1 10:42:18 GMT 2006,PHT_MASTER\LloydJ,/phpadadmin/releases/v0.321/index.php?page=mynetworkdetails
Fri Dec 1 10:42:43 GMT 2006,PHT_MASTER\LloydJ,/phpadadmin/releases/v0.321/index.php?page=mynetworkdetails
Fri Dec 1 10:42:54 GMT 2006,PHT_MASTER\LloydJ,/phpadadmin/releases/v0.321/index.php?page=mynetworkdetails
Fri Dec 1 10:42:54 GMT 2006,PHT_MASTER\LloydJ,/phpadadmin/releases/v0.321/index.php?page=mynetworkdetails
Fri Dec 1 10:42:55 GMT 2006,PHT_MASTER\LloydJ,/phpadadmin/releases/v0.321/index.php?page=mynetworkdetails
Fri Dec 1 10:43:09 GMT 2006,PHT_MASTER\LloydJ,/phpadadmin/releases/v0.321/index.php?page=mynetworkdetails
Fri Dec 1 10:44:26 GMT 2006,PHT_MASTER\LloydJ,/phpadadmin/releases/v0.321/index.php?page=mynetworkdetails
Fri Dec 1 10:45:14 GMT 2006,PHT_MASTER\LloydJ,/phpadadmin/releases/v0.321/index.php?page=mynetworkdetails
Fri Dec 1 10:46:29 GMT 2006,PHT_MASTER\LloydJ,/phpadadmin/releases/v0.321/index.php?page=mynetworkdetails
Fri Dec 1 10:46:53 GMT 2006,PHT_MASTER\LloydJ,/phpadadmin/releases/v0.321/index.php?page=mynetworkdetails
Fri Dec 1 10:48:06 GMT 2006,PHT_MASTER\LloydJ,/phpadadmin/releases/v0.321/index.php?page=mynetworkdetails
Fri Dec 1 10:51:12 GMT 2006,PHT_MASTER\LloydJ,/phpadadmin/releases/v0.321/index.php?page=mynetworkdetails
Fri Dec 1 10:51:24 GMT 2006,PHT_MASTER\LloydJ,/phpadadmin/releases/v0.321/index.php?page=mynetworkdetails
Fri Dec 1 10:52:10 GMT 2006,PHT_MASTER\LloydJ,/phpadadmin/releases/v0.321/index.php?page=mynetworkdetails
Fri Dec 1 10:52:21 GMT 2006,PHT_MASTER\LloydJ,/phpadadmin/releases/v0.321/index.php?page=mynetworkdetails
Fri Dec 1 10:52:45 GMT 2006,PHT_MASTER\LloydJ,/phpadadmin/releases/v0.321/index.php?page=mynetworkdetails
Fri Dec 1 10:53:16 GMT 2006,PHT_MASTER\LloydJ,/phpadadmin/releases/v0.321/index.php?page=mynetworkdetails
Fri Dec 1 11:01:46 GMT 2006,PHT_MASTER\LloydJ,/phpadadmin/releases/v0.321/index.php?page=mynetworkdetails
Fri Dec 1 11:02:17 GMT 2006,PHT_MASTER\LloydJ,/phpadadmin/releases/v0.321/index.php?page=mynetworkdetails
Fri Dec 1 11:04:47 GMT 2006,PHT_MASTER\LloydJ,/phpadadmin/releases/v0.321/index.php?page=mynetworkdetails
Fri Dec 1 11:04:48 GMT 2006,PHT_MASTER\LloydJ,/phpadadmin/releases/v0.321/index.php?page=mynetworkdetails
Fri Dec 1 11:04:48 GMT 2006,PHT_MASTER\LloydJ,/phpadadmin/releases/v0.321/index.php?page=mynetworkdetails
Fri Dec 1 11:05:06 GMT 2006,PHT_MASTER\LloydJ,/phpadadmin/releases/v0.321/index.php?page=mynetworkdetails
Fri Dec 1 11:05:06 GMT 2006,PHT_MASTER\LloydJ,/phpadadmin/releases/v0.321/index.php?page=mynetworkdetails
Fri Dec 1 11:05:07 GMT 2006,PHT_MASTER\LloydJ,/phpadadmin/releases/v0.321/index.php?page=mynetworkdetails
Fri Dec 1 11:06:20 GMT 2006,PHT_MASTER\LloydJ,/phpadadmin/releases/v0.321/index.php?page=mynetworkdetails
Fri Dec 1 11:06:32 GMT 2006,PHT_MASTER\LloydJ,/phpadadmin/releases/v0.321/index.php?page=mynetworkdetails
Fri Dec 1 11:06:42 GMT 2006,PHT_MASTER\LloydJ,/phpadadmin/releases/v0.321/index.php?page=mynetworkdetails
Fri Dec 1 11:06:45 GMT 2006,PHT_MASTER\LloydJ,/phpadadmin/releases/v0.321/index.php?page=userinfo-update
Fri Dec 1 11:06:46 GMT 2006,PHT_MASTER\LloydJ,/phpadadmin/releases/v0.321/index.php?page=mynetworkdetails
Fri Dec 1 11:08:19 GMT 2006,PHT_MASTER\LloydJ,/phpadadmin/releases/v0.321/index.php?page=mynetworkdetails
Fri Dec 1 11:08:19 GMT 2006,PHT_MASTER\LloydJ,/phpadadmin/releases/v0.321/index.php?page=mynetworkdetails
Fri Dec 1 11:21:48 GMT 2006,PHT_MASTER\LloydJ,/phpadadmin/releases/v0.321/index.php?page=mynetworkdetails
Fri Dec 1 11:30:34 GMT 2006,PHT_MASTER\LloydJ,/phpadadmin/releases/v0.321/index.php?page=userinfo-update
Fri Dec 1 11:35:23 GMT 2006,PHT_MASTER\LloydJ,/phpadadmin/releases/v0.321/index.php?page=mynetworkdetails
Fri Dec 1 11:35:46 GMT 2006,PHT_MASTER\LloydJ,/phpadadmin/releases/v0.321/index.php?page=userinfo-update
Fri Dec 1 11:37:28 GMT 2006,PHT_MASTER\LloydJ,/phpadadmin/releases/v0.321/index.php?page=mynetworkdetails
Fri Dec 1 11:37:29 GMT 2006,PHT_MASTER\LloydJ,/phpadadmin/releases/v0.321/index.php?page=userinfo-update
Fri Dec 1 11:37:41 GMT 2006,PHT_MASTER\LloydJ,/phpadadmin/releases/v0.321/index.php?page=mynetworkdetails
Fri Dec 1 11:37:42 GMT 2006,PHT_MASTER\LloydJ,/phpadadmin/releases/v0.321/index.php?page=userinfo-update
Fri Dec 1 11:37:45 GMT 2006,PHT_MASTER\LloydJ,/phpadadmin/releases/v0.321/index.php?page=userinfo-update
Fri Dec 1 11:37:48 GMT 2006,PHT_MASTER\LloydJ,/phpadadmin/releases/v0.321/index.php?page=userinfo-update
Fri Dec 1 11:37:53 GMT 2006,PHT_MASTER\LloydJ,/phpadadmin/releases/v0.321/index.php?page=userinfo-update
Fri Dec 1 11:38:16 GMT 2006,PHT_MASTER\LloydJ,/phpadadmin/releases/v0.321/index.php
Fri Dec 1 11:38:17 GMT 2006,PHT_MASTER\LloydJ,/phpadadmin/releases/v0.321/index.php?page=userinfo-update
Fri Dec 1 11:38:22 GMT 2006,PHT_MASTER\LloydJ,/phpadadmin/releases/v0.321/index.php
Fri Dec 1 11:39:24 GMT 2006,PHT_MASTER\LloydJ,/phpadadmin/releases/v0.321/index.php?page=mynetworkdetails
Fri Dec 1 11:39:30 GMT 2006,PHT_MASTER\LloydJ,/phpadadmin/releases/v0.321/index.php?page=mynetworkdetails&debug=ture
Fri Dec 1 11:39:33 GMT 2006,PHT_MASTER\LloydJ,/phpadadmin/releases/v0.321/index.php?page=mynetworkdetails&debug=true
Fri Dec 1 11:39:36 GMT 2006,PHT_MASTER\LloydJ,/phpadadmin/releases/v0.321/index.php?page=mynetworkdetails
Fri Dec 1 11:39:40 GMT 2006,PHT_MASTER\LloydJ,/phpadadmin/releases/v0.321/index.php?page=userinfo-update
Fri Dec 1 11:39:47 GMT 2006,PHT_MASTER\LloydJ,/phpadadmin/releases/v0.321/index.php?page=userinfo-update&debug=true
Fri Dec 1 11:39:59 GMT 2006,PHT_MASTER\LloydJ,/phpadadmin/releases/v0.321/index.php?page=mynetworkdetails
Fri Dec 1 11:40:54 GMT 2006,PHT_MASTER\LloydJ,/phpadadmin/releases/v0.321/index.php?page=userinfo-update
Fri Dec 1 11:41:30 GMT 2006,PHT_MASTER\LloydJ,/phpadadmin/releases/v0.321/index.php?page=userinfo-update
Fri Dec 1 11:41:32 GMT 2006,PHT_MASTER\LloydJ,/phpadadmin/releases/v0.321/index.php?page=userinfo-update
Fri Dec 1 11:41:34 GMT 2006,PHT_MASTER\LloydJ,/phpadadmin/releases/v0.321/index.php?page=mynetworkdetails
Fri Dec 1 11:48:11 GMT 2006,PHT_MASTER\LloydJ,/phpadadmin/releases/v0.321/index.php
Fri Dec 1 12:21:12 GMT 2006,PHT_MASTER\LloydJ,/phpadadmin/releases/v0.321/index.php
Fri Dec 1 12:21:15 GMT 2006,PHT_MASTER\LloydJ,/phpadadmin/releases/v0.321/index.php?page=mynetworkdetails
Fri Dec 1 13:55:30 GMT 2006,,/phpadadmin/releases/v0.321/index.php?page=mynetworkdetails
Fri Dec 1 14:29:09 GMT 2006,,/phpadadmin/releases/v0.321/index.php
Fri Dec 1 14:46:06 GMT 2006,PHT_MASTER\LloydJ,/phpadadmin/releases/v0.321/index.php?page=mynetworkdetails
Fri Dec 1 16:12:12 GMT 2006,PHT_MASTER\LloydJ,/phpadadmin/releases/v0.321/index.php?page=mynetworkdetails
Fri Dec 1 16:12:17 GMT 2006,PHT_MASTER\LloydJ,/phpadadmin/releases/v0.321/index.php?page=mynetworkdetails
Fri Dec 1 16:12:22 GMT 2006,PHT_MASTER\LloydJ,/phpadadmin/releases/v0.321/index.php?page=userinfo-update
Fri Dec 1 16:12:23 GMT 2006,PHT_MASTER\LloydJ,/phpadadmin/releases/v0.321/index.php?page=mynetworkdetails
Fri Dec 1 16:12:33 GMT 2006,PHT_MASTER\LloydJ,/phpadadmin/releases/v0.321/index.php?page=userinfo-update
Fri Dec 1 16:12:35 GMT 2006,PHT_MASTER\LloydJ,/phpadadmin/releases/v0.321/index.php
Fri Dec 1 16:13:44 GMT 2006,PHT_MASTER\LloydJ,/phpadadmin/releases/v0.321/index.php
Fri Dec 1 16:17:24 GMT 2006,PHT_MASTER\LloydJ,/phpadadmin/releases/v0.321/index.php
Fri Dec 1 16:17:37 GMT 2006,PHT_MASTER\LloydJ,/phpadadmin/releases/v0.321/index.php?debug=true
Fri Dec 1 16:30:41 GMT 2006,PHT_MASTER\LloydJ,/phpadadmin/releases/v0.321/index.php
Fri Dec 1 16:30:57 GMT 2006,PHT_MASTER\LloydJ,/phpadadmin/releases/v0.321/index.php
Fri Dec 1 16:31:03 GMT 2006,PHT_MASTER\LloydJ,/phpadadmin/releases/v0.321/index.php?debug=true
Fri Dec 1 16:31:31 GMT 2006,PHT_MASTER\LloydJ,/phpadadmin/releases/v0.321/index.php?debug=true
Fri Dec 1 16:40:03 GMT 2006,PHT_MASTER\LloydJ,/phpadadmin/releases/v0.321/index.php
Fri Dec 1 16:53:18 GMT 2006,PHT_MASTER\LloydJ,/phpadadmin/releases/v0.321/index.php
Fri Dec 1 16:53:37 GMT 2006,PHT_MASTER\LloydJ,/phpadadmin/releases/v0.321/index.php?debug=true
Fri Dec 1 16:53:47 GMT 2006,PHT_MASTER\LloydJ,/phpadadmin/releases/v0.321/index.php?debug=true
Fri Dec 1 16:53:55 GMT 2006,PHT_MASTER\LloydJ,/phpadadmin/releases/v0.321/index.php
Fri Dec 1 16:54:29 GMT 2006,PHT_MASTER\LloydJ,/phpadadmin/releases/v0.321/index.php
Fri Dec 1 16:54:31 GMT 2006,PHT_MASTER\LloydJ,/phpadadmin/releases/v0.321/index.php?page=config
Fri Dec 1 16:54:32 GMT 2006,PHT_MASTER\LloydJ,/phpadadmin/releases/v0.321/index.php?page=mynetworkdetails
Fri Dec 1 16:54:34 GMT 2006,PHT_MASTER\LloydJ,/phpadadmin/releases/v0.321/index.php?page=config
Fri Dec 1 16:54:37 GMT 2006,PHT_MASTER\LloydJ,/phpadadmin/releases/v0.321/index.php?page=mynetworkdetails
Fri Dec 1 17:00:46 GMT 2006,PHT_MASTER\LloydJ,/phpadadmin/releases/v0.321/index.php?page=mynetworkdetails
Fri Dec 1 17:01:24 GMT 2006,PHT_MASTER\LloydJ,/phpadadmin/releases/v0.321/index.php?page=mynetworkdetails
