Wed Mar 28 13:50:08 PDT 2007,DOMAIN\Administrator,/v0.321/index.php
Wed Mar 28 13:50:17 PDT 2007,DOMAIN\Administrator,/v0.321/index.php?page=userinfo-update
Wed Mar 28 13:50:19 PDT 2007,DOMAIN\Administrator,/v0.321/index.php
Wed Mar 28 13:51:11 PDT 2007,DOMAIN\Administrator,/v0.41/index.php
Wed Mar 28 13:51:14 PDT 2007,DOMAIN\Administrator,/v0.41/index.php?page=mynetworkdetails
Wed Mar 28 13:51:19 PDT 2007,DOMAIN\Administrator,/v0.41/index.php?page=userinfo-update
Wed Mar 28 13:51:22 PDT 2007,DOMAIN\Administrator,/v0.41/index.php
Wed Mar 28 13:52:41 PDT 2007,DOMAIN\Administrator,/v0.41/index.php
Wed Mar 28 13:52:42 PDT 2007,DOMAIN\Administrator,/v0.41/index.php
Wed Mar 28 13:52:43 PDT 2007,DOMAIN\Administrator,/v0.41/index.php
Wed Mar 28 13:52:44 PDT 2007,DOMAIN\Administrator,/v0.41/index.php?page=mynetworkdetails
Wed Mar 28 13:52:56 PDT 2007,DOMAIN\Administrator,/v0.41/index.php?page=mynetworkdetails
Wed Mar 28 13:54:48 PDT 2007,DOMAIN\Administrator,/v0.41/index.php
Wed Mar 28 13:55:30 PDT 2007,DOMAIN\Administrator,/v0.41/index.php
Wed Mar 28 13:55:32 PDT 2007,DOMAIN\Administrator,/v0.41/index.php?page=changemypassword
Wed Mar 28 13:55:33 PDT 2007,DOMAIN\Administrator,/v0.41/index.php?page=mynetworkdetails
Wed Mar 28 13:55:33 PDT 2007,DOMAIN\Administrator,/v0.41/index.php?page=changemypassword
Wed Mar 28 13:55:34 PDT 2007,DOMAIN\Administrator,/v0.41/index.php?page=mynetworkdetails
Wed Mar 28 13:56:43 PDT 2007,DOMAIN\Administrator,/v0.41/index.php?page=changemypassword
Wed Mar 28 13:56:55 PDT 2007,DOMAIN\Administrator,/v0.41/index.php?page=changemypassword
Wed Mar 28 13:57:43 PDT 2007,DOMAIN\Administrator,/v0.41/index.php?page=changemypassword
Wed Mar 28 13:57:43 PDT 2007,DOMAIN\Administrator,/v0.41/index.php?page=mynetworkdetails
Wed Mar 28 13:57:44 PDT 2007,DOMAIN\Administrator,/v0.41/index.php?page=changemypassword
Wed Mar 28 13:57:45 PDT 2007,DOMAIN\Administrator,/v0.41/index.php?page=mynetworkdetails
Wed Mar 28 13:57:46 PDT 2007,DOMAIN\Administrator,/v0.41/index.php?page=changemypassword
Wed Mar 28 14:00:04 PDT 2007,DOMAIN\Administrator,/v0.41/index.php?page=changemypassword
Wed Mar 28 14:00:32 PDT 2007,DOMAIN\Administrator,/v0.41/index.php?page=changemypassword
Wed Mar 28 14:00:32 PDT 2007,DOMAIN\Administrator,/v0.41/index.php?page=changemypassword
Wed Mar 28 14:01:06 PDT 2007,DOMAIN\Administrator,/v0.41/index.php?page=changemypassword
Wed Mar 28 14:01:23 PDT 2007,DOMAIN\Administrator,/v0.41/index.php?page=changemypassword
Wed Mar 28 14:03:05 PDT 2007,DOMAIN\Administrator,/v0.41/index.php?page=mynetworkdetails
Wed Mar 28 14:03:06 PDT 2007,DOMAIN\Administrator,/v0.41/index.php?page=changemypassword
Wed Mar 28 14:03:11 PDT 2007,DOMAIN\Administrator,/v0.41/index.php?page=changemypassword
Wed Mar 28 14:03:25 PDT 2007,DOMAIN\Administrator,/v0.41/index.php?page=changemypassword
Wed Mar 28 14:03:47 PDT 2007,DOMAIN\Administrator,/v0.41/index.php?page=changemypassword
Wed Mar 28 14:04:11 PDT 2007,DOMAIN\Administrator,/v0.41/index.php?page=changemypassword
Wed Mar 28 14:04:33 PDT 2007,DOMAIN\Administrator,/v0.5/index.php
Wed Mar 28 14:04:35 PDT 2007,DOMAIN\Administrator,/v0.5/index.php?page=changemypassword
Wed Mar 28 14:04:42 PDT 2007,DOMAIN\Administrator,/v0.5/index.php?page=changemypassword
Wed Mar 28 14:07:33 PDT 2007,DOMAIN\Administrator,/v0.5/index.php?page=changemypassword
Wed Mar 28 14:07:35 PDT 2007,DOMAIN\Administrator,/v0.5/index.php?page=mynetworkdetails
Wed Mar 28 14:07:36 PDT 2007,DOMAIN\Administrator,/v0.5/index.php?page=changemypassword
Wed Mar 28 14:07:44 PDT 2007,DOMAIN\Administrator,/v0.5/index.php?page=changemypassword
Wed Mar 28 14:08:19 PDT 2007,DOMAIN\Administrator,/v0.5/index.php?page=changemypassword
Wed Mar 28 14:08:20 PDT 2007,DOMAIN\Administrator,/v0.5/index.php?page=changemypassword
Wed Mar 28 14:08:21 PDT 2007,DOMAIN\Administrator,/v0.5/index.php?page=changemypassword
Wed Mar 28 14:08:39 PDT 2007,DOMAIN\Administrator,/v0.5/index.php?page=changemypassword
Wed Mar 28 14:09:17 PDT 2007,DOMAIN\Administrator,/v0.5/index.php?page=changemypassword
Wed Mar 28 14:09:18 PDT 2007,DOMAIN\Administrator,/v0.5/index.php?page=changemypassword
Wed Mar 28 14:09:19 PDT 2007,DOMAIN\Administrator,/v0.5/index.php?page=changemypassword
Wed Mar 28 14:09:19 PDT 2007,DOMAIN\Administrator,/v0.5/index.php?page=changemypassword
Wed Mar 28 14:09:20 PDT 2007,DOMAIN\Administrator,/v0.5/index.php?page=changemypassword
Wed Mar 28 14:09:32 PDT 2007,DOMAIN\Administrator,/v0.5/index.php?page=changemypassword
Wed Mar 28 14:09:52 PDT 2007,DOMAIN\Administrator,/v0.5/index.php?page=changemypassword
Wed Mar 28 14:09:59 PDT 2007,DOMAIN\Administrator,/v0.5/index.php?page=changemypassword
Wed Mar 28 14:10:12 PDT 2007,DOMAIN\Administrator,/v0.5/index.php?page=changemypassword
Wed Mar 28 14:13:51 PDT 2007,DOMAIN\Administrator,/v0.5/index.php?page=changemypassword
Wed Mar 28 14:13:52 PDT 2007,DOMAIN\Administrator,/v0.5/index.php?page=changemypassword
Wed Mar 28 14:14:07 PDT 2007,DOMAIN\Administrator,/v0.5/index.php?page=changemypassword
Wed Mar 28 14:14:08 PDT 2007,DOMAIN\Administrator,/v0.5/index.php?page=changemypassword
Wed Mar 28 14:14:09 PDT 2007,DOMAIN\Administrator,/v0.5/index.php?page=changemypassword
Wed Mar 28 14:14:26 PDT 2007,DOMAIN\Administrator,/v0.5/index.php?page=changemypassword
Wed Mar 28 14:14:27 PDT 2007,DOMAIN\Administrator,/v0.5/index.php?page=changemypassword
Wed Mar 28 14:15:58 PDT 2007,DOMAIN\Administrator,/v0.5/index.php?page=mynetworkdetails
Wed Mar 28 14:15:59 PDT 2007,DOMAIN\Administrator,/v0.5/index.php?page=changemypassword
Wed Mar 28 14:16:01 PDT 2007,DOMAIN\Administrator,/v0.5/index.php?page=mynetworkdetails
Wed Mar 28 14:16:02 PDT 2007,DOMAIN\Administrator,/v0.5/index.php?page=changemypassword
Wed Mar 28 14:16:02 PDT 2007,DOMAIN\Administrator,/v0.5/index.php?page=mynetworkdetails
Wed Mar 28 14:16:03 PDT 2007,DOMAIN\Administrator,/v0.5/index.php?page=changemypassword
Wed Mar 28 14:16:03 PDT 2007,DOMAIN\Administrator,/v0.5/index.php?page=mynetworkdetails
Wed Mar 28 14:16:04 PDT 2007,DOMAIN\Administrator,/v0.5/index.php?page=changemypassword
Wed Mar 28 14:16:05 PDT 2007,DOMAIN\Administrator,/v0.5/index.php?page=mynetworkdetails
Wed Mar 28 14:16:06 PDT 2007,DOMAIN\Administrator,/v0.5/index.php?page=changemypassword
Wed Mar 28 14:16:07 PDT 2007,DOMAIN\Administrator,/v0.5/index.php?page=mynetworkdetails
Wed Mar 28 14:16:34 PDT 2007,DOMAIN\Administrator,/v0.5/index.php?page=mynetworkdetails
Wed Mar 28 14:16:40 PDT 2007,DOMAIN\Administrator,/v0.5/index.php?page=changemypassword
Wed Mar 28 14:16:43 PDT 2007,DOMAIN\Administrator,/v0.5/index.php?page=mynetworkdetails
Wed Mar 28 14:16:44 PDT 2007,DOMAIN\Administrator,/v0.5/index.php?page=changemypassword
Wed Mar 28 14:16:44 PDT 2007,DOMAIN\Administrator,/v0.5/index.php?page=mynetworkdetails
Wed Mar 28 14:19:01 PDT 2007,DOMAIN\Administrator,/v0.5/index.php
Wed Mar 28 14:19:03 PDT 2007,DOMAIN\Administrator,/v0.5/index.php?page=changemypassword
Wed Mar 28 14:19:05 PDT 2007,DOMAIN\Administrator,/v0.5/index.php?page=mynetworkdetails
Wed Mar 28 14:19:06 PDT 2007,DOMAIN\Administrator,/v0.5/index.php?page=changemypassword
Wed Mar 28 14:19:06 PDT 2007,DOMAIN\Administrator,/v0.5/index.php?page=mynetworkdetails
Wed Mar 28 14:19:07 PDT 2007,DOMAIN\Administrator,/v0.5/index.php?page=changemypassword
Wed Mar 28 14:19:07 PDT 2007,DOMAIN\Administrator,/v0.5/index.php?page=mynetworkdetails
Wed Mar 28 14:19:08 PDT 2007,DOMAIN\Administrator,/v0.5/index.php?page=changemypassword
Wed Mar 28 14:19:09 PDT 2007,DOMAIN\Administrator,/v0.5/index.php?page=mynetworkdetails
Wed Mar 28 14:19:09 PDT 2007,DOMAIN\Administrator,/v0.5/index.php?page=changemypassword
Wed Mar 28 14:19:10 PDT 2007,DOMAIN\Administrator,/v0.5/index.php?page=mynetworkdetails
Wed Mar 28 14:19:11 PDT 2007,DOMAIN\Administrator,/v0.5/index.php?page=changemypassword
Wed Mar 28 14:19:12 PDT 2007,DOMAIN\Administrator,/v0.5/index.php?page=mynetworkdetails
Wed Mar 28 14:19:13 PDT 2007,DOMAIN\Administrator,/v0.5/index.php?page=changemypassword
Wed Mar 28 14:19:15 PDT 2007,DOMAIN\Administrator,/v0.5/index.php?page=changemypassword
Wed Mar 28 14:19:15 PDT 2007,DOMAIN\Administrator,/v0.5/index.php?page=mynetworkdetails
Wed Mar 28 14:19:16 PDT 2007,DOMAIN\Administrator,/v0.5/index.php?page=changemypassword
Wed Mar 28 14:19:40 PDT 2007,DOMAIN\Administrator,/v0.5/index.php
Wed Mar 28 14:19:42 PDT 2007,DOMAIN\Administrator,/v0.5/index.php?page=mynetworkdetails
Wed Mar 28 14:19:43 PDT 2007,DOMAIN\Administrator,/v0.5/index.php?page=changemypassword
Wed Mar 28 14:19:43 PDT 2007,DOMAIN\Administrator,/v0.5/index.php?page=mynetworkdetails
Wed Mar 28 14:19:44 PDT 2007,DOMAIN\Administrator,/v0.5/index.php?page=changemypassword
Wed Mar 28 14:19:45 PDT 2007,DOMAIN\Administrator,/v0.5/index.php?page=mynetworkdetails
Wed Mar 28 14:19:46 PDT 2007,DOMAIN\Administrator,/v0.5/index.php?page=changemypassword
Wed Mar 28 14:19:48 PDT 2007,DOMAIN\Administrator,/v0.5/index.php?page=mynetworkdetails
Wed Mar 28 14:19:52 PDT 2007,DOMAIN\Administrator,/v0.5/index.php?page=changemypassword
Wed Mar 28 14:19:53 PDT 2007,DOMAIN\Administrator,/v0.5/index.php?page=mynetworkdetails
Wed Mar 28 14:20:46 PDT 2007,DOMAIN\Administrator,/v0.5/index.php?page=mynetworkdetails
Wed Mar 28 14:21:11 PDT 2007,DOMAIN\Administrator,/v0.5/index.php?page=mynetworkdetails
Wed Mar 28 14:21:12 PDT 2007,DOMAIN\Administrator,/v0.5/index.php?page=mynetworkdetails
Wed Mar 28 14:21:28 PDT 2007,DOMAIN\Administrator,/v0.5/index.php?page=mynetworkdetails
Wed Mar 28 14:21:39 PDT 2007,DOMAIN\Administrator,/v0.5/index.php?page=mynetworkdetails
Wed Mar 28 14:21:45 PDT 2007,DOMAIN\Administrator,/v0.5/index.php?page=changemypassword
Wed Mar 28 14:21:46 PDT 2007,DOMAIN\Administrator,/v0.5/index.php?page=mynetworkdetails
Wed Mar 28 14:21:48 PDT 2007,DOMAIN\Administrator,/v0.5/index.php?page=changemypassword
Wed Mar 28 14:21:49 PDT 2007,DOMAIN\Administrator,/v0.5/index.php?page=mynetworkdetails
Wed Mar 28 14:21:50 PDT 2007,DOMAIN\Administrator,/v0.5/index.php?page=changemypassword
Wed Mar 28 14:21:51 PDT 2007,DOMAIN\Administrator,/v0.5/index.php?page=mynetworkdetails
Wed Mar 28 14:22:26 PDT 2007,DOMAIN\Administrator,/v0.5/index.php?page=mynetworkdetails
Wed Mar 28 14:22:27 PDT 2007,DOMAIN\Administrator,/v0.5/index.php?page=mynetworkdetails
Wed Mar 28 14:22:28 PDT 2007,DOMAIN\Administrator,/v0.5/index.php?page=changemypassword
Wed Mar 28 14:22:29 PDT 2007,DOMAIN\Administrator,/v0.5/index.php?page=mynetworkdetails
Wed Mar 28 14:23:00 PDT 2007,DOMAIN\Administrator,/v0.5/index.php?page=mynetworkdetails
Wed Mar 28 14:23:01 PDT 2007,DOMAIN\Administrator,/v0.5/index.php?page=mynetworkdetails
Wed Mar 28 14:23:02 PDT 2007,DOMAIN\Administrator,/v0.5/index.php?page=changemypassword
Wed Mar 28 14:23:03 PDT 2007,DOMAIN\Administrator,/v0.5/index.php?page=mynetworkdetails
Wed Mar 28 14:23:08 PDT 2007,DOMAIN\Administrator,/v0.5/index.php?page=changemypassword
Wed Mar 28 14:23:08 PDT 2007,DOMAIN\Administrator,/v0.5/index.php?page=mynetworkdetails
Wed Mar 28 14:23:09 PDT 2007,DOMAIN\Administrator,/v0.5/index.php?page=changemypassword
Wed Mar 28 14:23:10 PDT 2007,DOMAIN\Administrator,/v0.5/index.php?page=mynetworkdetails
Wed Mar 28 14:23:11 PDT 2007,DOMAIN\Administrator,/v0.5/index.php?page=mynetworkdetails
Wed Mar 28 14:23:11 PDT 2007,DOMAIN\Administrator,/v0.5/index.php?page=changemypassword
Wed Mar 28 14:24:04 PDT 2007,DOMAIN\Administrator,/v0.5/index.php?page=mynetworkdetails
Wed Mar 28 14:24:05 PDT 2007,DOMAIN\Administrator,/v0.5/index.php?page=changemypassword
Wed Mar 28 14:24:07 PDT 2007,DOMAIN\Administrator,/v0.5/index.php?page=mynetworkdetails
Wed Mar 28 14:24:07 PDT 2007,DOMAIN\Administrator,/v0.5/index.php?page=changemypassword
Wed Mar 28 14:24:20 PDT 2007,DOMAIN\Administrator,/v0.5/index.php?page=changemypassword
Wed Mar 28 14:24:24 PDT 2007,DOMAIN\Administrator,/v0.5/index.php?page=mynetworkdetails
Wed Mar 28 14:24:25 PDT 2007,DOMAIN\Administrator,/v0.5/index.php?page=changemypassword
Wed Mar 28 14:24:26 PDT 2007,DOMAIN\Administrator,/v0.5/index.php?page=mynetworkdetails
Wed Mar 28 14:24:27 PDT 2007,DOMAIN\Administrator,/v0.5/index.php?page=changemypassword
Wed Mar 28 14:24:28 PDT 2007,DOMAIN\Administrator,/v0.5/index.php?page=mynetworkdetails
Wed Mar 28 14:24:28 PDT 2007,DOMAIN\Administrator,/v0.5/index.php?page=changemypassword
Wed Mar 28 14:24:44 PDT 2007,DOMAIN\Administrator,/v0.5/index.php?page=mynetworkdetails
Wed Mar 28 14:24:44 PDT 2007,DOMAIN\Administrator,/v0.5/index.php?page=changemypassword
Wed Mar 28 14:25:04 PDT 2007,DOMAIN\Administrator,/v0.5/index.php?page=mynetworkdetails
Wed Mar 28 14:25:05 PDT 2007,DOMAIN\Administrator,/v0.5/index.php?page=changemypassword
Wed Mar 28 14:25:19 PDT 2007,DOMAIN\Administrator,/v0.5/index.php?page=changemypassword
Wed Mar 28 14:25:45 PDT 2007,DOMAIN\Administrator,/v0.5/index.php?page=changemypassword
Wed Mar 28 14:25:45 PDT 2007,DOMAIN\Administrator,/v0.5/index.php?page=mynetworkdetails
Wed Mar 28 14:25:46 PDT 2007,DOMAIN\Administrator,/v0.5/index.php?page=changemypassword
Wed Mar 28 14:25:47 PDT 2007,DOMAIN\Administrator,/v0.5/index.php?page=mynetworkdetails
Wed Mar 28 14:25:47 PDT 2007,DOMAIN\Administrator,/v0.5/index.php?page=changemypassword
Wed Mar 28 14:25:48 PDT 2007,DOMAIN\Administrator,/v0.5/index.php?page=mynetworkdetails
Wed Mar 28 14:26:06 PDT 2007,DOMAIN\Administrator,/v0.5/index.php?page=config
Wed Mar 28 14:27:29 PDT 2007,DOMAIN\Administrator,/v0.5/index.php?page=config
Wed Mar 28 14:27:30 PDT 2007,DOMAIN\Administrator,/v0.5/index.php?page=config
Wed Mar 28 14:28:25 PDT 2007,DOMAIN\Administrator,/v0.5/index.php?page=config
Wed Mar 28 14:28:25 PDT 2007,DOMAIN\Administrator,/v0.5/index.php?page=config
Wed Mar 28 14:28:26 PDT 2007,DOMAIN\Administrator,/v0.5/index.php?page=config
Wed Mar 28 14:28:26 PDT 2007,DOMAIN\Administrator,/v0.5/index.php?page=config
Wed Mar 28 14:28:26 PDT 2007,DOMAIN\Administrator,/v0.5/index.php?page=config
Wed Mar 28 14:30:05 PDT 2007,DOMAIN\Administrator,/v0.5/index.php?page=mynetworkdetails
Wed Mar 28 14:30:06 PDT 2007,DOMAIN\Administrator,/v0.5/index.php?page=mysecurityquestionsd
Wed Mar 28 14:30:08 PDT 2007,DOMAIN\Administrator,/v0.5/index.php?page=mysecurityquestionsd
Wed Mar 28 14:30:09 PDT 2007,DOMAIN\Administrator,/v0.5/index.php?page=mysecurityquestionsd
Wed Mar 28 14:30:47 PDT 2007,DOMAIN\Administrator,/v0.5/index.php?page=mysecurityquestionsd
Wed Mar 28 14:30:48 PDT 2007,DOMAIN\Administrator,/v0.5/index.php?page=mysecurityquestions
Wed Mar 28 14:31:04 PDT 2007,DOMAIN\Administrator,/v0.5/index.php?page=mysecurityquestions
Wed Mar 28 14:31:04 PDT 2007,DOMAIN\Administrator,/v0.5/index.php?page=mysecurityquestions
Wed Mar 28 14:31:05 PDT 2007,DOMAIN\Administrator,/v0.5/index.php?page=changemypassword
Wed Mar 28 14:31:06 PDT 2007,DOMAIN\Administrator,/v0.5/index.php?page=mynetworkdetails
Wed Mar 28 14:31:06 PDT 2007,DOMAIN\Administrator,/v0.5/index.php?page=changemypassword
Wed Mar 28 14:31:06 PDT 2007,DOMAIN\Administrator,/v0.5/index.php?page=mysecurityquestions
Wed Mar 28 14:32:22 PDT 2007,DOMAIN\Administrator,/v0.5/index.php?page=mynetworkdetails
Wed Mar 28 14:32:23 PDT 2007,DOMAIN\Administrator,/v0.5/index.php?page=changemypassword
Wed Mar 28 14:32:24 PDT 2007,DOMAIN\Administrator,/v0.5/index.php?page=mysecurityquestions
Wed Mar 28 14:32:25 PDT 2007,DOMAIN\Administrator,/v0.5/index.php?page=mysecurityquestions
Wed Mar 28 14:33:39 PDT 2007,DOMAIN\Administrator,/v0.5/index.php?page=mysecurityquestions
Wed Mar 28 14:40:38 PDT 2007,DOMAIN\Administrator,/v0.5/index.php?page=mysecurityquestions
Wed Mar 28 14:40:39 PDT 2007,DOMAIN\Administrator,/v0.5/index.php?page=changemypassword
Wed Mar 28 14:48:41 PDT 2007,DOMAIN\Administrator,/v0.5/index.php?page=mysecurityquestions
Wed Mar 28 14:48:42 PDT 2007,DOMAIN\Administrator,/v0.5/index.php?page=mynetworkdetails
Wed Mar 28 14:48:43 PDT 2007,DOMAIN\Administrator,/v0.5/index.php?page=changemypassword
Wed Mar 28 14:48:43 PDT 2007,DOMAIN\Administrator,/v0.5/index.php?page=mysecurityquestions
Wed Mar 28 14:48:44 PDT 2007,DOMAIN\Administrator,/v0.5/index.php?page=changemypassword
Wed Mar 28 14:48:45 PDT 2007,DOMAIN\Administrator,/v0.5/index.php?page=mynetworkdetails
Wed Mar 28 14:48:48 PDT 2007,DOMAIN\Administrator,/v0.5/index.php?page=changemypassword
Wed Mar 28 14:48:49 PDT 2007,DOMAIN\Administrator,/v0.5/index.php?page=mysecurityquestions
Wed Mar 28 14:48:49 PDT 2007,DOMAIN\Administrator,/v0.5/index.php?page=changemypassword
Wed Mar 28 14:48:50 PDT 2007,DOMAIN\Administrator,/v0.5/index.php?page=mynetworkdetails
Wed Mar 28 14:48:51 PDT 2007,DOMAIN\Administrator,/v0.5/index.php?page=changemypassword
Wed Mar 28 14:48:51 PDT 2007,DOMAIN\Administrator,/v0.5/index.php?page=mysecurityquestions
Wed Mar 28 14:48:52 PDT 2007,DOMAIN\Administrator,/v0.5/index.php?page=changemypassword
Wed Mar 28 14:48:52 PDT 2007,DOMAIN\Administrator,/v0.5/index.php?page=mynetworkdetails
Wed Mar 28 14:48:53 PDT 2007,DOMAIN\Administrator,/v0.5/index.php?page=mynetworkdetails
Wed Mar 28 14:48:54 PDT 2007,DOMAIN\Administrator,/v0.5/index.php?page=changemypassword
Wed Mar 28 14:48:55 PDT 2007,DOMAIN\Administrator,/v0.5/index.php?page=mysecurityquestions
Wed Mar 28 14:48:56 PDT 2007,DOMAIN\Administrator,/v0.5/index.php?page=changemypassword
Wed Mar 28 14:48:58 PDT 2007,DOMAIN\Administrator,/v0.5/index.php?page=mynetworkdetails
Wed Mar 28 14:48:59 PDT 2007,DOMAIN\Administrator,/v0.5/index.php?page=mynetworkdetails
Wed Mar 28 14:53:07 PDT 2007,DOMAIN\Administrator,/v0.5/index.php?page=mynetworkdetails
Wed Mar 28 14:53:08 PDT 2007,DOMAIN\Administrator,/v0.5/index.php?page=changemypassword
Wed Mar 28 14:53:09 PDT 2007,DOMAIN\Administrator,/v0.5/index.php?page=mysecurityquestions
Wed Mar 28 14:53:09 PDT 2007,DOMAIN\Administrator,/v0.5/index.php?page=mysecurityquestions
Wed Mar 28 14:53:10 PDT 2007,DOMAIN\Administrator,/v0.5/index.php?page=mysecurityquestions
Wed Mar 28 15:01:12 PDT 2007,DOMAIN\Administrator,/v0.5/index.php?page=mynetworkdetails
Wed Mar 28 15:01:13 PDT 2007,DOMAIN\Administrator,/v0.5/index.php?page=changemypassword
Wed Mar 28 15:01:14 PDT 2007,DOMAIN\Administrator,/v0.5/index.php?page=mysecurityquestions
Wed Mar 28 15:02:10 PDT 2007,DOMAIN\Administrator,/v0.5/index.php?page=mysecurityquestions
Wed Mar 28 15:02:25 PDT 2007,DOMAIN\Administrator,/v0.5/index.php?page=mysecurityquestions
Wed Mar 28 15:02:53 PDT 2007,DOMAIN\Administrator,/v0.5/index.php?page=mysecurityquestions
Wed Mar 28 15:03:34 PDT 2007,DOMAIN\Administrator,/v0.5/index.php?page=mysecurityquestions
Wed Mar 28 15:03:35 PDT 2007,DOMAIN\Administrator,/v0.5/index.php?page=mysecurityquestions
Wed Mar 28 15:04:26 PDT 2007,DOMAIN\Administrator,/v0.5/index.php?page=mysecurityquestions
Wed Mar 28 15:04:27 PDT 2007,DOMAIN\Administrator,/v0.5/index.php?page=changemypassword
Wed Mar 28 15:04:27 PDT 2007,DOMAIN\Administrator,/v0.5/index.php?page=mynetworkdetails
Wed Mar 28 15:04:28 PDT 2007,DOMAIN\Administrator,/v0.5/index.php?page=changemypassword
Wed Mar 28 15:04:29 PDT 2007,DOMAIN\Administrator,/v0.5/index.php?page=mysecurityquestions
Wed Mar 28 15:04:32 PDT 2007,DOMAIN\Administrator,/v0.5/index.php?page=mynetworkdetails
Wed Mar 28 15:05:21 PDT 2007,DOMAIN\Administrator,/v0.5/index.php?page=changemypassword
Wed Mar 28 15:05:22 PDT 2007,DOMAIN\Administrator,/v0.5/index.php?page=mysecurityquestions
Wed Mar 28 15:05:23 PDT 2007,DOMAIN\Administrator,/v0.5/index.php?page=changemypassword
Wed Mar 28 15:05:24 PDT 2007,DOMAIN\Administrator,/v0.5/index.php?page=mysecurityquestions
Wed Mar 28 15:05:25 PDT 2007,DOMAIN\Administrator,/v0.5/index.php?page=mynetworkdetails
Wed Mar 28 15:05:25 PDT 2007,DOMAIN\Administrator,/v0.5/index.php?page=changemypassword
Wed Mar 28 15:05:26 PDT 2007,DOMAIN\Administrator,/v0.5/index.php?page=mysecurityquestions
Wed Mar 28 15:05:26 PDT 2007,DOMAIN\Administrator,/v0.5/index.php?page=changemypassword
Wed Mar 28 15:05:27 PDT 2007,DOMAIN\Administrator,/v0.5/index.php?page=mynetworkdetails
Wed Mar 28 15:05:27 PDT 2007,DOMAIN\Administrator,/v0.5/index.php?page=changemypassword
Wed Mar 28 15:05:28 PDT 2007,DOMAIN\Administrator,/v0.5/index.php?page=mysecurityquestions
Wed Mar 28 15:06:05 PDT 2007,DOMAIN\Administrator,/v0.5/index.php?page=mysecurityquestions
Wed Mar 28 15:07:05 PDT 2007,DOMAIN\Administrator,/v0.5/index.php?page=changemypassword
Wed Mar 28 15:07:07 PDT 2007,DOMAIN\Administrator,/v0.5/index.php?page=mysecurityquestions
Wed Mar 28 15:07:38 PDT 2007,DOMAIN\Administrator,/v0.5/index.php?page=config
Wed Mar 28 15:07:42 PDT 2007,DOMAIN\Administrator,/v0.5/index.php?page=config
Wed Mar 28 15:07:50 PDT 2007,DOMAIN\Administrator,/v0.5/index.php?page=config
Wed Mar 28 15:07:53 PDT 2007,DOMAIN\Administrator,/v0.5/index.php?page=config
Wed Mar 28 15:07:53 PDT 2007,DOMAIN\Administrator,/v0.5/index.php?page=config
Wed Mar 28 15:07:53 PDT 2007,DOMAIN\Administrator,/v0.5/index.php?page=config
Wed Mar 28 15:07:53 PDT 2007,DOMAIN\Administrator,/v0.5/index.php?page=config
Wed Mar 28 15:07:54 PDT 2007,DOMAIN\Administrator,/v0.5/index.php?page=config
Wed Mar 28 15:07:54 PDT 2007,DOMAIN\Administrator,/v0.5/index.php?page=config
Wed Mar 28 15:09:16 PDT 2007,DOMAIN\Administrator,/v0.5/index.php?page=config
Wed Mar 28 15:10:43 PDT 2007,DOMAIN\Administrator,/v0.5/index.php?page=config
Wed Mar 28 15:10:58 PDT 2007,DOMAIN\Administrator,/v0.5/index.php?page=config
Wed Mar 28 15:14:49 PDT 2007,DOMAIN\Administrator,/v0.5/index.php?page=mynetworkdetails
Wed Mar 28 15:14:50 PDT 2007,DOMAIN\Administrator,/v0.5/index.php?page=changemypassword
Wed Mar 28 15:14:51 PDT 2007,DOMAIN\Administrator,/v0.5/index.php?page=mysecurityquestions
Wed Mar 28 15:14:51 PDT 2007,DOMAIN\Administrator,/v0.5/index.php?page=changemypassword
Wed Mar 28 15:14:52 PDT 2007,DOMAIN\Administrator,/v0.5/index.php?page=mynetworkdetails
Wed Mar 28 15:14:53 PDT 2007,DOMAIN\Administrator,/v0.5/index.php?page=changemypassword
Wed Mar 28 15:14:54 PDT 2007,DOMAIN\Administrator,/v0.5/index.php?page=mysecurityquestions
Wed Mar 28 15:14:56 PDT 2007,DOMAIN\Administrator,/v0.5/index.php?page=mysecurityquestions
Wed Mar 28 15:14:56 PDT 2007,DOMAIN\Administrator,/v0.5/index.php?page=changemypassword
Wed Mar 28 15:14:57 PDT 2007,DOMAIN\Administrator,/v0.5/index.php?page=mynetworkdetails
Wed Mar 28 15:14:57 PDT 2007,DOMAIN\Administrator,/v0.5/index.php?page=changemypassword
Wed Mar 28 15:14:59 PDT 2007,DOMAIN\Administrator,/v0.5/index.php?page=mysecurityquestions
Wed Mar 28 15:19:24 PDT 2007,DOMAIN\Administrator,/v0.5/index.php?page=mysecurityquestions
Wed Mar 28 15:21:35 PDT 2007,DOMAIN\Administrator,/v0.5/index.php?page=mysecurityquestions
Wed Mar 28 15:21:43 PDT 2007,DOMAIN\Administrator,/v0.5/index.php?page=mysecurityquestions
Wed Mar 28 15:21:44 PDT 2007,DOMAIN\Administrator,/v0.5/index.php?page=mysecurityquestions
Wed Mar 28 15:22:00 PDT 2007,DOMAIN\Administrator,/v0.5/index.php?page=mysecurityquestions
Wed Mar 28 15:22:53 PDT 2007,DOMAIN\Administrator,/v0.5/index.php?page=mysecurityquestions
Wed Mar 28 15:23:08 PDT 2007,DOMAIN\Administrator,/v0.5/index.php?page=mysecurityquestions
Wed Mar 28 15:25:56 PDT 2007,DOMAIN\Administrator,/v0.5/index.php?page=mysecurityquestions
Wed Mar 28 15:25:58 PDT 2007,DOMAIN\Administrator,/v0.5/index.php?page=mysecurityquestions
Wed Mar 28 15:26:39 PDT 2007,DOMAIN\Administrator,/v0.5/index.php?page=mysecurityquestions
Wed Mar 28 15:26:41 PDT 2007,DOMAIN\Administrator,/v0.5/index.php?page=mysecurityquestions
Wed Mar 28 15:27:05 PDT 2007,DOMAIN\Administrator,/v0.5/index.php?page=mysecurityquestions
Wed Mar 28 15:28:30 PDT 2007,DOMAIN\Administrator,/v0.5/index.php?page=mysecurityquestions
Wed Mar 28 15:28:42 PDT 2007,DOMAIN\Administrator,/v0.5/index.php?page=mysecurityquestions
Wed Mar 28 15:29:54 PDT 2007,DOMAIN\Administrator,/v0.5/index.php?page=mysecurityquestions
Wed Mar 28 15:29:55 PDT 2007,DOMAIN\Administrator,/v0.5/index.php?page=mysecurityquestions
Wed Mar 28 15:30:08 PDT 2007,DOMAIN\Administrator,/v0.5/index.php?page=mysecurityquestions
Wed Mar 28 15:30:08 PDT 2007,DOMAIN\Administrator,/v0.5/index.php?page=mysecurityquestions
Wed Mar 28 15:30:09 PDT 2007,DOMAIN\Administrator,/v0.5/index.php?page=mysecurityquestions
Wed Mar 28 15:30:10 PDT 2007,DOMAIN\Administrator,/v0.5/index.php?page=mysecurityquestions
Wed Mar 28 15:30:51 PDT 2007,DOMAIN\Administrator,/v0.5/index.php?page=mysecurityquestions
Wed Mar 28 15:30:51 PDT 2007,DOMAIN\Administrator,/v0.5/index.php?page=mysecurityquestions
Wed Mar 28 15:31:39 PDT 2007,DOMAIN\Administrator,/v0.5/index.php?page=mynetworkdetails
Wed Mar 28 15:31:40 PDT 2007,DOMAIN\Administrator,/v0.5/index.php?page=changemypassword
Wed Mar 28 15:31:42 PDT 2007,DOMAIN\Administrator,/v0.5/index.php?page=mysecurityquestions
Wed Mar 28 15:31:44 PDT 2007,DOMAIN\Administrator,/v0.5/index.php?page=mysecurityquestions
Wed Mar 28 15:31:45 PDT 2007,DOMAIN\Administrator,/v0.5/index.php?page=mysecurityquestions
Wed Mar 28 15:31:45 PDT 2007,DOMAIN\Administrator,/v0.5/index.php?page=changemypassword
Wed Mar 28 15:33:10 PDT 2007,DOMAIN\Administrator,/v0.5/index.php?page=mysecurityquestions
Wed Mar 28 15:33:12 PDT 2007,DOMAIN\Administrator,/v0.5/index.php
Wed Mar 28 15:33:15 PDT 2007,DOMAIN\Administrator,/v0.5/index.php?page=mysecurityquestions
Wed Mar 28 15:33:28 PDT 2007,DOMAIN\Administrator,/v0.5/index.php?page=mysecurityquestions
Wed Mar 28 15:34:00 PDT 2007,DOMAIN\Administrator,/v0.5/index.php?page=mysecurityquestions
Wed Mar 28 15:34:52 PDT 2007,DOMAIN\Administrator,/v0.5/index.php?page=mysecurityquestions
Wed Mar 28 15:34:54 PDT 2007,DOMAIN\Administrator,/v0.5/index.php?page=mysecurityquestions
Wed Mar 28 15:35:16 PDT 2007,DOMAIN\Administrator,/v0.5/index.php?page=mysecurityquestions
Wed Mar 28 15:35:17 PDT 2007,DOMAIN\Administrator,/v0.5/index.php?page=changemypassword
Wed Mar 28 15:35:18 PDT 2007,DOMAIN\Administrator,/v0.5/index.php?page=mysecurityquestions
Wed Mar 28 15:41:18 PDT 2007,DOMAIN\Administrator,/v0.5/index.php?page=mysecurityquestions
Wed Mar 28 15:41:19 PDT 2007,DOMAIN\Administrator,/v0.5/index.php?page=mysecurityquestions
Wed Mar 28 15:42:41 PDT 2007,DOMAIN\Administrator,/v0.5/index.php?page=mynetworkdetails
Wed Mar 28 15:42:47 PDT 2007,DOMAIN\Administrator,/v0.5/index.php?page=changemypassword
Wed Mar 28 15:43:48 PDT 2007,DOMAIN\Administrator,/v0.5/index.php?page=mysecurityquestions
Wed Mar 28 15:43:49 PDT 2007,DOMAIN\Administrator,/v0.5/index.php?page=changemypassword
Wed Mar 28 15:43:50 PDT 2007,DOMAIN\Administrator,/v0.5/index.php?page=mysecurityquestions
Wed Mar 28 15:45:52 PDT 2007,DOMAIN\Administrator,/v0.5/index.php?page=mysecurityquestions
Wed Mar 28 15:45:56 PDT 2007,DOMAIN\Administrator,/v0.5/index.php?page=changemypassword
Wed Mar 28 15:45:57 PDT 2007,DOMAIN\Administrator,/v0.5/index.php?page=mysecurityquestions
Wed Mar 28 15:45:58 PDT 2007,DOMAIN\Administrator,/v0.5/index.php?page=changemypassword
Wed Mar 28 15:46:00 PDT 2007,DOMAIN\Administrator,/v0.5/index.php?page=mynetworkdetails
Wed Mar 28 15:46:05 PDT 2007,DOMAIN\Administrator,/v0.5/index.php?page=mynetworkdetails
Wed Mar 28 15:46:05 PDT 2007,DOMAIN\Administrator,/v0.5/index.php?page=changemypassword
Wed Mar 28 15:46:06 PDT 2007,DOMAIN\Administrator,/v0.5/index.php?page=mysecurityquestions
Wed Mar 28 15:47:35 PDT 2007,DOMAIN\Administrator,/v0.5/index.php?page=mysecurityquestions
Wed Mar 28 15:47:37 PDT 2007,DOMAIN\Administrator,/v0.5/index.php?page=searchdirectory
Wed Mar 28 15:47:49 PDT 2007,DOMAIN\Administrator,/v0.5/index.php?page=searchdirectory
Wed Mar 28 15:47:57 PDT 2007,DOMAIN\Administrator,/v0.5/index.php?page=mysecurityquestions
Wed Mar 28 15:52:04 PDT 2007,DOMAIN\Administrator,/v0.5/index.php?page=mysecurityquestions
Wed Mar 28 15:53:50 PDT 2007,DOMAIN\Administrator,/v0.5/index.php?page=mysecurityquestions
Wed Mar 28 15:56:41 PDT 2007,DOMAIN\Administrator,/v0.5/index.php?page=mysecurityquestions
Wed Mar 28 15:59:41 PDT 2007,DOMAIN\Administrator,/v0.5/index.php?page=mysecurityquestions
Wed Mar 28 15:59:46 PDT 2007,DOMAIN\Administrator,/v0.5/index.php?page=mysecurityquestions&edit=1
Wed Mar 28 15:59:47 PDT 2007,DOMAIN\Administrator,/v0.5/index.php?page=mysecurityquestions&edit=1&edit=2
Wed Mar 28 15:59:48 PDT 2007,DOMAIN\Administrator,/v0.5/index.php?page=mysecurityquestions&edit=1&edit=2&edit=1
Wed Mar 28 15:59:48 PDT 2007,DOMAIN\Administrator,/v0.5/index.php?page=mysecurityquestions&edit=1&edit=2&edit=1&edit=2
Wed Mar 28 15:59:49 PDT 2007,DOMAIN\Administrator,/v0.5/index.php?page=mysecurityquestions&edit=1&edit=2&edit=1&edit=2&edit=1
Wed Mar 28 15:59:49 PDT 2007,DOMAIN\Administrator,/v0.5/index.php?page=mysecurityquestions&edit=1&edit=2&edit=1&edit=2&edit=1&edit=2
Wed Mar 28 15:59:50 PDT 2007,DOMAIN\Administrator,/v0.5/index.php?page=mysecurityquestions&edit=1&edit=2&edit=1&edit=2&edit=1&edit=2&edit=1
Wed Mar 28 15:59:59 PDT 2007,DOMAIN\Administrator,/v0.5/index.php?page=searchdirectory
Wed Mar 28 16:00:01 PDT 2007,DOMAIN\Administrator,/v0.5/index.php?page=mynetworkdetails
Wed Mar 28 16:00:02 PDT 2007,DOMAIN\Administrator,/v0.5/index.php?page=changemypassword
Wed Mar 28 16:00:04 PDT 2007,DOMAIN\Administrator,/v0.5/index.php?page=mysecurityquestions
Wed Mar 28 16:00:05 PDT 2007,DOMAIN\Administrator,/v0.5/index.php?page=changemypassword
Wed Mar 28 16:00:06 PDT 2007,DOMAIN\Administrator,/v0.5/index.php?page=mysecurityquestions
Wed Mar 28 16:25:18 PDT 2007,DOMAIN\Administrator,/v0.5/index.php
Wed Mar 28 16:25:21 PDT 2007,DOMAIN\Administrator,/v0.5/index.php?page=changemypassword
Wed Mar 28 16:25:22 PDT 2007,DOMAIN\Administrator,/v0.5/index.php?page=mysecurityquestions
Wed Mar 28 16:25:25 PDT 2007,DOMAIN\Administrator,/v0.5/index.php?page=searchdirectory
Wed Mar 28 16:25:26 PDT 2007,DOMAIN\Administrator,/v0.5/index.php?page=mynetworkdetails
Wed Mar 28 16:25:27 PDT 2007,DOMAIN\Administrator,/v0.5/index.php?page=changemypassword
Wed Mar 28 16:25:28 PDT 2007,DOMAIN\Administrator,/v0.5/index.php?page=mysecurityquestions
Wed Mar 28 16:25:29 PDT 2007,DOMAIN\Administrator,/v0.5/index.php?page=searchdirectory
Wed Mar 28 16:25:30 PDT 2007,DOMAIN\Administrator,/v0.5/index.php?page=mynetworkdetails
Wed Mar 28 16:25:31 PDT 2007,DOMAIN\Administrator,/v0.5/index.php?page=searchdirectory
Wed Mar 28 16:25:32 PDT 2007,DOMAIN\Administrator,/v0.5/index.php?page=mynetworkdetails
Wed Mar 28 16:25:32 PDT 2007,DOMAIN\Administrator,/v0.5/index.php?page=mynetworkdetails
Wed Mar 28 16:25:33 PDT 2007,DOMAIN\Administrator,/v0.5/index.php?page=mynetworkdetails
Wed Mar 28 16:25:33 PDT 2007,DOMAIN\Administrator,/v0.5/index.php?page=mynetworkdetails
Wed Mar 28 16:25:53 PDT 2007,DOMAIN\Administrator,/v0.5/index.php?page=mynetworkdetails
Wed Mar 28 16:25:58 PDT 2007,DOMAIN\Administrator,/v0.5/index.php?page=searchdirectory
Wed Mar 28 16:25:59 PDT 2007,DOMAIN\Administrator,/v0.5/index.php?page=changemypassword
Wed Mar 28 16:26:01 PDT 2007,DOMAIN\Administrator,/v0.5/index.php?page=mynetworkdetails
Wed Mar 28 16:26:02 PDT 2007,DOMAIN\Administrator,/v0.5/index.php?page=searchdirectory
Wed Mar 28 16:26:03 PDT 2007,DOMAIN\Administrator,/v0.5/index.php?page=mynetworkdetails
Wed Mar 28 16:26:04 PDT 2007,DOMAIN\Administrator,/v0.5/index.php?page=changemypassword
Wed Mar 28 16:26:28 PDT 2007,DOMAIN\Administrator,/v0.5/index.php?page=mysecurityquestions
Wed Mar 28 16:26:31 PDT 2007,DOMAIN\Administrator,/v0.5/index.php?page=mysecurityquestions&edit=1
Wed Mar 28 16:27:55 PDT 2007,DOMAIN\Administrator,/v0.5/index.php?page=mysecurityquestions&edit=1
Wed Mar 28 16:28:45 PDT 2007,DOMAIN\Administrator,/v0.5/index.php?page=mysecurityquestions&edit=1&edit=1
Wed Mar 28 16:28:45 PDT 2007,DOMAIN\Administrator,/v0.5/index.php?page=mysecurityquestions&edit=1&edit=1&edit=2
Wed Mar 28 16:28:47 PDT 2007,DOMAIN\Administrator,/v0.5/index.php?page=mysecurityquestions&edit=1&edit=1&edit=2&edit=1
Wed Mar 28 16:28:47 PDT 2007,DOMAIN\Administrator,/v0.5/index.php?page=mysecurityquestions&edit=1&edit=1&edit=2&edit=1&edit=2
Wed Mar 28 16:28:48 PDT 2007,DOMAIN\Administrator,/v0.5/index.php?page=mysecurityquestions&edit=1&edit=1&edit=2&edit=1&edit=2&edit=1
Wed Mar 28 16:28:48 PDT 2007,DOMAIN\Administrator,/v0.5/index.php?page=mysecurityquestions&edit=1&edit=1&edit=2&edit=1&edit=2&edit=1&edit=2
Wed Mar 28 16:28:48 PDT 2007,DOMAIN\Administrator,/v0.5/index.php?page=mysecurityquestions&edit=1&edit=1&edit=2&edit=1&edit=2&edit=1&edit=2&edit=1
Wed Mar 28 16:29:29 PDT 2007,DOMAIN\Administrator,/v0.5/index.php?page=mysecurityquestions
Wed Mar 28 16:30:05 PDT 2007,DOMAIN\Administrator,/v0.5/index.php?page=mysecurityquestions
Wed Mar 28 16:30:57 PDT 2007,DOMAIN\Administrator,/v0.5/index.php?page=mysecurityquestions
Wed Mar 28 16:31:33 PDT 2007,DOMAIN\Administrator,/v0.5/index.php?page=mysecurityquestions
Wed Mar 28 16:33:51 PDT 2007,DOMAIN\Administrator,/v0.5/index.php?page=mysecurityquestions
Wed Mar 28 16:34:07 PDT 2007,DOMAIN\Administrator,/v0.5/index.php?page=mysecurityquestions
Wed Mar 28 16:34:44 PDT 2007,DOMAIN\Administrator,/v0.5/index.php?page=mysecurityquestions
Wed Mar 28 16:35:00 PDT 2007,DOMAIN\Administrator,/v0.5/index.php?page=mysecurityquestions&stuff=poo
Wed Mar 28 16:35:55 PDT 2007,DOMAIN\Administrator,/v0.5/index.php?page=mysecurityquestions&stuff=poo
Wed Mar 28 16:36:19 PDT 2007,DOMAIN\Administrator,/v0.5/index.php?page=mysecurityquestions&stuff=poo
Wed Mar 28 16:36:22 PDT 2007,DOMAIN\Administrator,/v0.5/index.php?page=mysecurityquestions&edit=1
Wed Mar 28 16:36:23 PDT 2007,DOMAIN\Administrator,/v0.5/index.php?page=mysecurityquestions&edit=2
Wed Mar 28 16:36:23 PDT 2007,DOMAIN\Administrator,/v0.5/index.php?page=mysecurityquestions&edit=3
Wed Mar 28 16:36:24 PDT 2007,DOMAIN\Administrator,/v0.5/index.php?page=mysecurityquestions&edit=2
Wed Mar 28 16:36:25 PDT 2007,DOMAIN\Administrator,/v0.5/index.php?page=mysecurityquestions&edit=1
Wed Mar 28 16:36:26 PDT 2007,DOMAIN\Administrator,/v0.5/index.php?page=mysecurityquestions&edit=2
Wed Mar 28 16:36:26 PDT 2007,DOMAIN\Administrator,/v0.5/index.php?page=mysecurityquestions&edit=3
Wed Mar 28 16:36:26 PDT 2007,DOMAIN\Administrator,/v0.5/index.php?page=mysecurityquestions&edit=2
Wed Mar 28 16:36:27 PDT 2007,DOMAIN\Administrator,/v0.5/index.php?page=mysecurityquestions&edit=1
Wed Mar 28 16:36:28 PDT 2007,DOMAIN\Administrator,/v0.5/index.php?page=mysecurityquestions&edit=2
Wed Mar 28 16:36:28 PDT 2007,DOMAIN\Administrator,/v0.5/index.php?page=mysecurityquestions&edit=1
Wed Mar 28 16:39:23 PDT 2007,DOMAIN\Administrator,/v0.5/index.php?page=mysecurityquestions
Wed Mar 28 16:39:27 PDT 2007,DOMAIN\Administrator,/v0.5/index.php?page=mysecurityquestions&edit=2
Wed Mar 28 16:39:32 PDT 2007,DOMAIN\Administrator,/v0.5/index.php?page=mysecurityquestions&edit=1
Wed Mar 28 16:43:40 PDT 2007,DOMAIN\Administrator,/v0.5/index.php?page=mysecurityquestions
Wed Mar 28 16:43:42 PDT 2007,DOMAIN\Administrator,/v0.5/index.php?page=mysecurityquestions&edit=1
Wed Mar 28 16:45:10 PDT 2007,DOMAIN\Administrator,/v0.5/index.php?page=mysecurityquestions&edit=1
Wed Mar 28 16:45:26 PDT 2007,DOMAIN\Administrator,/v0.5/index.php?page=mysecurityquestions&edit=1
Wed Mar 28 16:46:06 PDT 2007,DOMAIN\Administrator,/v0.5/index.php?page=mysecurityquestions&edit=1
Wed Mar 28 16:49:00 PDT 2007,DOMAIN\Administrator,/v0.5/index.php?page=mysecurityquestions&edit=1
Wed Mar 28 16:50:40 PDT 2007,DOMAIN\Administrator,/v0.5/index.php?page=mysecurityquestions&edit=1
Wed Mar 28 16:50:50 PDT 2007,DOMAIN\Administrator,/v0.5/index.php?page=mysecurityquestions&edit=1
Wed Mar 28 16:56:26 PDT 2007,DOMAIN\Administrator,/v0.5/index.php?page=mysecurityquestions
Wed Mar 28 16:56:27 PDT 2007,DOMAIN\Administrator,/v0.5/index.php?page=mysecurityquestions&edit=2
Wed Mar 28 16:57:07 PDT 2007,DOMAIN\Administrator,/v0.5/index.php?page=mysecurityquestions&edit=2
Wed Mar 28 16:57:46 PDT 2007,DOMAIN\Administrator,/v0.5/index.php?page=mysecurityquestions&edit=2
Wed Mar 28 16:59:31 PDT 2007,DOMAIN\Administrator,/v0.5/index.php?page=mysecurityquestions&edit=2
Wed Mar 28 16:59:34 PDT 2007,DOMAIN\Administrator,/v0.5/index.php?page=mysecurityquestions&delete="2"
Wed Mar 28 16:59:35 PDT 2007,DOMAIN\Administrator,/v0.5/index.php?page=mysecurityquestions&edit=3
Wed Mar 28 16:59:37 PDT 2007,DOMAIN\Administrator,/v0.5/index.php?page=mysecurityquestions&save="3"
Wed Mar 28 16:59:38 PDT 2007,DOMAIN\Administrator,/v0.5/index.php?page=mysecurityquestions&edit=3
Wed Mar 28 16:59:56 PDT 2007,DOMAIN\Administrator,/v0.5/index.php?page=mysecurityquestions&save="3"
Wed Mar 28 16:59:57 PDT 2007,DOMAIN\Administrator,/v0.5/index.php?page=mysecurityquestions&edit=2
Wed Mar 28 16:59:58 PDT 2007,DOMAIN\Administrator,/v0.5/index.php?page=mysecurityquestions&delete=2
Wed Mar 28 16:59:59 PDT 2007,DOMAIN\Administrator,/v0.5/index.php?page=mysecurityquestions&edit=1
Wed Mar 28 17:00:00 PDT 2007,DOMAIN\Administrator,/v0.5/index.php?page=mysecurityquestions&delete=1
Wed Mar 28 17:00:01 PDT 2007,DOMAIN\Administrator,/v0.5/index.php?page=mysecurityquestions&edit=2
Wed Mar 28 17:00:02 PDT 2007,DOMAIN\Administrator,/v0.5/index.php?page=mysecurityquestions&save=2
Wed Mar 28 17:00:04 PDT 2007,DOMAIN\Administrator,/v0.5/index.php?page=mysecurityquestions&edit=3
Wed Mar 28 17:00:59 PDT 2007,DOMAIN\Administrator,/v0.5/index.php?page=mysecurityquestions
Wed Mar 28 17:01:14 PDT 2007,DOMAIN\Administrator,/v0.5/index.php?page=mysecurityquestions
Wed Mar 28 17:01:15 PDT 2007,DOMAIN\Administrator,/v0.5/index.php?page=mysecurityquestions&edit=1
Wed Mar 28 17:01:16 PDT 2007,DOMAIN\Administrator,/v0.5/index.php?page=mysecurityquestions&save=1
Wed Mar 28 17:01:20 PDT 2007,DOMAIN\Administrator,/v0.5/index.php?page=mysecurityquestions&delete=1
Wed Mar 28 17:02:25 PDT 2007,DOMAIN\Administrator,/v0.5/index.php?page=mysecurityquestions
Wed Mar 28 17:02:26 PDT 2007,DOMAIN\Administrator,/v0.5/index.php?page=mysecurityquestions&edit=2
Wed Mar 28 17:02:27 PDT 2007,DOMAIN\Administrator,/v0.5/index.php?page=mysecurityquestions&save=2
Wed Mar 28 17:02:29 PDT 2007,DOMAIN\Administrator,/v0.5/index.php?page=mysecurityquestions
Wed Mar 28 17:02:30 PDT 2007,DOMAIN\Administrator,/v0.5/index.php?page=mysecurityquestions&edit=3
Wed Mar 28 17:02:31 PDT 2007,DOMAIN\Administrator,/v0.5/index.php?page=mysecurityquestions&delete=3
Wed Mar 28 17:02:39 PDT 2007,DOMAIN\Administrator,/v0.5/index.php?page=mysecurityquestions
Wed Mar 28 17:03:54 PDT 2007,DOMAIN\Administrator,/v0.5/index.php?page=mysecurityquestions
Wed Mar 28 17:03:56 PDT 2007,DOMAIN\Administrator,/v0.5/index.php?page=mysecurityquestions&add
Wed Mar 28 17:04:13 PDT 2007,DOMAIN\Administrator,/v0.5/index.php?page=mysecurityquestions
Wed Mar 28 17:04:15 PDT 2007,DOMAIN\Administrator,/v0.5/index.php?page=mysecurityquestions&add
Wed Mar 28 17:04:16 PDT 2007,DOMAIN\Administrator,/v0.5/index.php?page=mysecurityquestions
Wed Mar 28 17:04:35 PDT 2007,DOMAIN\Administrator,/v0.5/index.php?page=mysecurityquestions
Wed Mar 28 17:04:36 PDT 2007,DOMAIN\Administrator,/v0.5/index.php?page=mysecurityquestions&add
Wed Mar 28 17:04:38 PDT 2007,DOMAIN\Administrator,/v0.5/index.php?page=mysecurityquestions
Wed Mar 28 17:04:57 PDT 2007,DOMAIN\Administrator,/v0.5/index.php?page=mynetworkdetails
Wed Mar 28 17:04:58 PDT 2007,DOMAIN\Administrator,/v0.5/index.php?page=mysecurityquestions
Wed Mar 28 17:04:59 PDT 2007,DOMAIN\Administrator,/v0.5/index.php?page=mynetworkdetails
Wed Mar 28 17:05:00 PDT 2007,DOMAIN\Administrator,/v0.5/index.php?page=mysecurityquestions
Wed Mar 28 17:05:01 PDT 2007,DOMAIN\Administrator,/v0.5/index.php?page=mynetworkdetails
Wed Mar 28 17:05:03 PDT 2007,DOMAIN\Administrator,/v0.5/index.php?page=mynetworkdetails
Wed Mar 28 17:05:03 PDT 2007,DOMAIN\Administrator,/v0.5/index.php?page=mynetworkdetails
Wed Mar 28 17:05:04 PDT 2007,DOMAIN\Administrator,/v0.5/index.php?page=mynetworkdetails
Wed Mar 28 17:07:14 PDT 2007,DOMAIN\Administrator,/v0.5/index.php?page=mysecurityquestions
Wed Mar 28 17:07:15 PDT 2007,DOMAIN\Administrator,/v0.5/index.php?page=mysecurityquestions&edit=3
Wed Mar 28 17:07:16 PDT 2007,DOMAIN\Administrator,/v0.5/index.php?page=mysecurityquestions&save=3
Wed Mar 28 17:07:20 PDT 2007,DOMAIN\Administrator,/v0.5/index.php?page=mysecurityquestions
Wed Mar 28 17:07:21 PDT 2007,DOMAIN\Administrator,/v0.5/index.php?page=mysecurityquestions&edit=3
Wed Mar 28 17:09:13 PDT 2007,DOMAIN\Administrator,/v0.5/index.php?page=mysecurityquestions&save=3
Wed Mar 28 17:10:06 PDT 2007,DOMAIN\Administrator,/v0.5/index.php?page=mysecurityquestions&save=3
Wed Mar 28 17:10:22 PDT 2007,DOMAIN\Administrator,/v0.5/index.php?page=mysecurityquestions
Wed Mar 28 17:10:23 PDT 2007,DOMAIN\Administrator,/v0.5/index.php?page=mysecurityquestions&edit=1
Wed Mar 28 17:10:26 PDT 2007,DOMAIN\Administrator,/v0.5/index.php?page=mysecurityquestions&save=1
Wed Mar 28 17:10:53 PDT 2007,DOMAIN\Administrator,/v0.5/index.php?page=mysecurityquestions&save=1
Wed Mar 28 19:32:08 PDT 2007,DOMAIN\Administrator,/v0.5/index.php
Wed Mar 28 19:32:19 PDT 2007,DOMAIN\Administrator,/v0.5/index.php?page=changemypassword
Wed Mar 28 19:32:20 PDT 2007,DOMAIN\Administrator,/v0.5/index.php?page=mysecurityquestions
Wed Mar 28 19:32:22 PDT 2007,DOMAIN\Administrator,/v0.5/index.php?page=mysecurityquestions&edit=2
Wed Mar 28 19:32:24 PDT 2007,DOMAIN\Administrator,/v0.5/index.php?page=mysecurityquestions&save=2
Wed Mar 28 19:32:30 PDT 2007,DOMAIN\Administrator,/v0.5/index.php?page=mysecurityquestions&delete=2
Wed Mar 28 19:32:34 PDT 2007,DOMAIN\Administrator,/v0.5/index.php?page=mysecurityquestions
Wed Mar 28 19:32:40 PDT 2007,DOMAIN\Administrator,/v0.5/index.php?page=mysecurityquestions&edit=1
Wed Mar 28 19:32:47 PDT 2007,DOMAIN\Administrator,/v0.5/index.php?page=mysecurityquestions
Wed Mar 28 19:32:49 PDT 2007,DOMAIN\Administrator,/v0.5/index.php?page=mysecurityquestions&add
Wed Mar 28 19:32:51 PDT 2007,DOMAIN\Administrator,/v0.5/index.php?page=mysecurityquestions
Wed Mar 28 19:32:52 PDT 2007,DOMAIN\Administrator,/v0.5/index.php?page=changemypassword
Wed Mar 28 19:32:52 PDT 2007,DOMAIN\Administrator,/v0.5/index.php?page=searchdirectory
Wed Mar 28 19:32:54 PDT 2007,DOMAIN\Administrator,/v0.5/index.php?page=mynetworkdetails
Wed Mar 28 19:32:56 PDT 2007,DOMAIN\Administrator,/v0.5/index.php?page=mynetworkdetails
Wed Mar 28 19:32:57 PDT 2007,DOMAIN\Administrator,/v0.5/index.php?page=searchdirectory
Wed Mar 28 19:32:58 PDT 2007,DOMAIN\Administrator,/v0.5/index.php?page=changemypassword
Wed Mar 28 19:32:58 PDT 2007,DOMAIN\Administrator,/v0.5/index.php?page=mysecurityquestions
Wed Mar 28 19:33:05 PDT 2007,DOMAIN\Administrator,/v0.5/index.php?page=mysecurityquestions&edit=1
Wed Mar 28 21:52:35 PDT 2007,DOMAIN\Administrator,/v0.5/index.php?page=mysecurityquestions
Wed Mar 28 21:52:43 PDT 2007,DOMAIN\Administrator,/v0.5/index.php?page=mysecurityquestions&edit=2
Wed Mar 28 21:52:46 PDT 2007,DOMAIN\Administrator,/v0.5/index.php?page=mysecurityquestions&save=2
Wed Mar 28 21:54:39 PDT 2007,DOMAIN\Administrator,/v0.5/index.php?page=mysecurityquestions
Wed Mar 28 21:54:43 PDT 2007,DOMAIN\Administrator,/v0.5/index.php?page=mysecurityquestions&edit=2
Wed Mar 28 21:54:47 PDT 2007,DOMAIN\Administrator,/v0.5/index.php?page=mysecurityquestions&edit=2
Wed Mar 28 21:54:48 PDT 2007,DOMAIN\Administrator,/v0.5/index.php?page=mysecurityquestions&edit=2
Wed Mar 28 21:54:59 PDT 2007,DOMAIN\Administrator,/v0.5/index.php?page=mysecurityquestions&save=2
Wed Mar 28 21:55:10 PDT 2007,DOMAIN\Administrator,/v0.5/index.php?page=mynetworkdetails
Wed Mar 28 21:55:17 PDT 2007,DOMAIN\Administrator,/v0.5/index.php?page=mynetworkdetails
Wed Mar 28 21:55:22 PDT 2007,DOMAIN\Administrator,/v0.5/index.php?page=userinfo-update
Wed Mar 28 21:55:24 PDT 2007,DOMAIN\Administrator,/v0.5/index.php
Wed Mar 28 21:55:28 PDT 2007,DOMAIN\Administrator,/v0.5/index.php?page=changemypassword
Wed Mar 28 21:55:41 PDT 2007,DOMAIN\Administrator,/v0.5/index.php?page=searchdirectory
Wed Mar 28 21:55:48 PDT 2007,DOMAIN\Administrator,/v0.5/index.php?page=mysecurityquestions
Wed Mar 28 21:57:07 PDT 2007,DOMAIN\Administrator,/v0.5/index.php?page=mysecurityquestions&edit=1
Wed Mar 28 21:57:24 PDT 2007,DOMAIN\Administrator,/v0.5/index.php?page=mysecurityquestions&edit=1
Wed Mar 28 22:00:06 PDT 2007,DOMAIN\Administrator,/v0.5/index.php?page=mysecurityquestions&edit=1
Wed Mar 28 22:00:07 PDT 2007,DOMAIN\Administrator,/v0.5/index.php?page=mysecurityquestions&edit=1
Wed Mar 28 22:02:07 PDT 2007,DOMAIN\Administrator,/v0.5/index.php?page=mysecurityquestions&edit=1
Wed Mar 28 22:02:11 PDT 2007,DOMAIN\Administrator,/v0.5/index.php?page=mysecurityquestions
Wed Mar 28 22:02:13 PDT 2007,DOMAIN\Administrator,/v0.5/index.php?page=mysecurityquestions&edit=2
Wed Mar 28 22:04:08 PDT 2007,DOMAIN\Administrator,/v0.5/index.php?page=mysecurityquestions
Wed Mar 28 22:04:10 PDT 2007,DOMAIN\Administrator,/v0.5/index.php?page=mysecurityquestions&edit=1
Wed Mar 28 22:04:11 PDT 2007,DOMAIN\Administrator,/v0.5/index.php?page=mysecurityquestions&edit=1
Wed Mar 28 22:04:58 PDT 2007,DOMAIN\Administrator,/v0.5/index.php?page=mysecurityquestions
Wed Mar 28 22:05:00 PDT 2007,DOMAIN\Administrator,/v0.5/index.php?page=mysecurityquestions&edit=2
Wed Mar 28 22:05:01 PDT 2007,DOMAIN\Administrator,/v0.5/index.php?page=mysecurityquestions&edit=2
Wed Mar 28 22:06:30 PDT 2007,DOMAIN\Administrator,/v0.5/index.php?page=mysecurityquestions
Wed Mar 28 22:07:40 PDT 2007,DOMAIN\Administrator,/v0.5/index.php?page=mysecurityquestions&edit=2
Wed Mar 28 22:08:37 PDT 2007,DOMAIN\Administrator,/v0.5/index.php?page=mysecurityquestions
Wed Mar 28 22:08:41 PDT 2007,DOMAIN\Administrator,/v0.5/index.php?page=mysecurityquestions&edit=2
Wed Mar 28 22:08:43 PDT 2007,DOMAIN\Administrator,/v0.5/index.php?page=mysecurityquestions&edit=2
Wed Mar 28 22:08:53 PDT 2007,DOMAIN\Administrator,/v0.5/index.php?page=mysecurityquestions
Wed Mar 28 22:08:54 PDT 2007,DOMAIN\Administrator,/v0.5/index.php?page=mysecurityquestions&edit=3
Wed Mar 28 22:08:57 PDT 2007,DOMAIN\Administrator,/v0.5/index.php?page=mysecurityquestions&edit=3
Wed Mar 28 22:09:01 PDT 2007,DOMAIN\Administrator,/v0.5/index.php?page=mysecurityquestions
Wed Mar 28 22:09:03 PDT 2007,DOMAIN\Administrator,/v0.5/index.php?page=mysecurityquestions&edit=1
Wed Mar 28 22:09:07 PDT 2007,DOMAIN\Administrator,/v0.5/index.php?page=mysecurityquestions&edit=1
Wed Mar 28 22:09:10 PDT 2007,DOMAIN\Administrator,/v0.5/index.php?page=mysecurityquestions
Wed Mar 28 22:09:37 PDT 2007,DOMAIN\Administrator,/v0.5/index.php?page=mysecurityquestions&edit=1
Wed Mar 28 22:09:40 PDT 2007,DOMAIN\Administrator,/v0.5/index.php?page=mysecurityquestions&edit=1
Wed Mar 28 22:09:43 PDT 2007,DOMAIN\Administrator,/v0.5/index.php?page=mysecurityquestions
Wed Mar 28 22:09:49 PDT 2007,DOMAIN\Administrator,/v0.5/index.php?page=mysecurityquestions&edit=3
Wed Mar 28 22:09:59 PDT 2007,DOMAIN\Administrator,/v0.5/index.php?page=mysecurityquestions&edit=3
Wed Mar 28 22:10:01 PDT 2007,DOMAIN\Administrator,/v0.5/index.php?page=mysecurityquestions
Wed Mar 28 22:10:10 PDT 2007,DOMAIN\Administrator,/v0.5/index.php?page=mysecurityquestions&edit=3
Wed Mar 28 22:10:15 PDT 2007,DOMAIN\Administrator,/v0.5/index.php?page=mysecurityquestions&edit=3
Wed Mar 28 22:10:17 PDT 2007,DOMAIN\Administrator,/v0.5/index.php?page=mysecurityquestions
Wed Mar 28 22:10:26 PDT 2007,DOMAIN\Administrator,/v0.5/index.php?page=mysecurityquestions
Wed Mar 28 22:15:03 PDT 2007,DOMAIN\Administrator,/v0.5/index.php?page=mysecurityquestions&edit=2
Wed Mar 28 22:15:47 PDT 2007,DOMAIN\Administrator,/v0.5/index.php?page=mysecurityquestions&edit=2
Wed Mar 28 22:16:14 PDT 2007,DOMAIN\Administrator,/v0.5/index.php?page=mysecurityquestions&edit=2
Wed Mar 28 22:16:15 PDT 2007,DOMAIN\Administrator,/v0.5/index.php?page=mysecurityquestions&edit=2
Wed Mar 28 22:16:42 PDT 2007,DOMAIN\Administrator,/v0.5/index.php?page=mysecurityquestions&edit=2
Wed Mar 28 22:18:29 PDT 2007,DOMAIN\Administrator,/v0.5/index.php?page=mysecurityquestions
Wed Mar 28 22:18:34 PDT 2007,DOMAIN\Administrator,/v0.5/index.php?page=mysecurityquestions&edit=2
Wed Mar 28 22:18:36 PDT 2007,DOMAIN\Administrator,/v0.5/index.php?page=mysecurityquestions&edit=2
Wed Mar 28 22:18:40 PDT 2007,DOMAIN\Administrator,/v0.5/index.php?page=mysecurityquestions
Wed Mar 28 22:18:43 PDT 2007,DOMAIN\Administrator,/v0.5/index.php?page=mysecurityquestions&edit=2
Wed Mar 28 22:18:57 PDT 2007,DOMAIN\Administrator,/v0.5/index.php?page=mysecurityquestions&edit=2
Wed Mar 28 22:19:00 PDT 2007,DOMAIN\Administrator,/v0.5/index.php?page=mysecurityquestions
Wed Mar 28 22:19:24 PDT 2007,DOMAIN\Administrator,/v0.5/index.php?page=mysecurityquestions
Wed Mar 28 22:19:29 PDT 2007,DOMAIN\Administrator,/v0.5/index.php?page=mysecurityquestions&add
Wed Mar 28 22:25:32 PDT 2007,DOMAIN\Administrator,/v0.5/index.php?page=mysecurityquestions
Wed Mar 28 22:25:34 PDT 2007,DOMAIN\Administrator,/v0.5/index.php?page=mysecurityquestions&edit=2
Wed Mar 28 22:25:38 PDT 2007,DOMAIN\Administrator,/v0.5/index.php?page=mysecurityquestions
Wed Mar 28 22:25:39 PDT 2007,DOMAIN\Administrator,/v0.5/index.php?page=mysecurityquestions
Wed Mar 28 22:25:41 PDT 2007,DOMAIN\Administrator,/v0.5/index.php?page=mysecurityquestions&edit=2
Wed Mar 28 22:25:44 PDT 2007,DOMAIN\Administrator,/v0.5/index.php?page=mysecurityquestions
Wed Mar 28 22:25:48 PDT 2007,DOMAIN\Administrator,/v0.5/index.php?page=mysecurityquestions&add
Wed Mar 28 22:25:52 PDT 2007,DOMAIN\Administrator,/v0.5/index.php?page=mysecurityquestions&add
Wed Mar 28 22:26:07 PDT 2007,DOMAIN\Administrator,/v0.5/index.php?page=mysecurityquestions&add
Wed Mar 28 22:26:07 PDT 2007,DOMAIN\Administrator,/v0.5/index.php?page=mysecurityquestions&add
Wed Mar 28 22:26:08 PDT 2007,DOMAIN\Administrator,/v0.5/index.php?page=mysecurityquestions&add
Wed Mar 28 22:26:09 PDT 2007,DOMAIN\Administrator,/v0.5/index.php?page=mysecurityquestions&add
Wed Mar 28 22:26:09 PDT 2007,DOMAIN\Administrator,/v0.5/index.php?page=mysecurityquestions&add
Wed Mar 28 22:26:10 PDT 2007,DOMAIN\Administrator,/v0.5/index.php?page=mysecurityquestions&add
Wed Mar 28 22:26:10 PDT 2007,DOMAIN\Administrator,/v0.5/index.php?page=mysecurityquestions&add
Wed Mar 28 22:26:11 PDT 2007,DOMAIN\Administrator,/v0.5/index.php?page=mysecurityquestions&add
