Thu Mar 29 11:31:33 PDT 2007,DOMAIN\Administrator,/v0.5/index.php
Thu Mar 29 11:31:38 PDT 2007,DOMAIN\Administrator,/v0.5/index.php?page=mysecurityquestions
Thu Mar 29 11:33:13 PDT 2007,DOMAIN\Administrator,/v0.5/index.php?page=mysecurityquestions
Thu Mar 29 11:33:17 PDT 2007,DOMAIN\Administrator,/v0.5/index.php?page=mysecurityquestions
Thu Mar 29 11:33:32 PDT 2007,DOMAIN\Administrator,/v0.5/index.php?page=mysecurityquestions
Thu Mar 29 11:59:14 PDT 2007,DOMAIN\Administrator,/v0.5/index.php?page=searchdirectory
Thu Mar 29 11:59:19 PDT 2007,DOMAIN\Administrator,/v0.5/index.php?page=mynetworkdetails
Thu Mar 29 11:59:19 PDT 2007,DOMAIN\Administrator,/v0.5/index.php?page=changemypassword
Thu Mar 29 11:59:20 PDT 2007,DOMAIN\Administrator,/v0.5/index.php?page=mysecurityquestions
Thu Mar 29 11:59:22 PDT 2007,DOMAIN\Administrator,/v0.5/index.php?page=changemypassword
Thu Mar 29 11:59:23 PDT 2007,DOMAIN\Administrator,/v0.5/index.php?page=mysecurityquestions
Thu Mar 29 11:59:25 PDT 2007,DOMAIN\Administrator,/v0.5/index.php?page=changemypassword
Thu Mar 29 18:24:42 PDT 2007,DOMAIN\Administrator,/v0.5/index.php
Thu Mar 29 18:24:46 PDT 2007,DOMAIN\Administrator,/v0.5/index.php?page=changemypassword
Thu Mar 29 18:27:32 PDT 2007,DOMAIN\Administrator,/v0.5/index.php?page=mysecurityquestions
Thu Mar 29 18:27:43 PDT 2007,DOMAIN\Administrator,/v0.5/index.php?page=mysecurityquestions&edit=3
Thu Mar 29 18:27:48 PDT 2007,DOMAIN\Administrator,/v0.5/index.php?page=mysecurityquestions
Thu Mar 29 18:27:49 PDT 2007,DOMAIN\Administrator,/v0.5/index.php?page=mysecurityquestions&edit=3
Thu Mar 29 18:31:33 PDT 2007,DOMAIN\Administrator,/v0.5/index.php?page=mysecurityquestions
Thu Mar 29 18:31:34 PDT 2007,DOMAIN\Administrator,/v0.5/index.php?page=mysecurityquestions&edit=3
Thu Mar 29 18:31:36 PDT 2007,DOMAIN\Administrator,/v0.5/index.php?page=mysecurityquestions&edit=3
Thu Mar 29 18:31:37 PDT 2007,DOMAIN\Administrator,/v0.5/index.php?page=mysecurityquestions
Thu Mar 29 18:31:38 PDT 2007,DOMAIN\Administrator,/v0.5/index.php?page=mysecurityquestions&edit=3
Thu Mar 29 18:31:39 PDT 2007,DOMAIN\Administrator,/v0.5/index.php?page=mysecurityquestions&edit=3
Thu Mar 29 18:31:45 PDT 2007,DOMAIN\Administrator,/v0.5/index.php?page=mysecurityquestions
Thu Mar 29 18:31:46 PDT 2007,DOMAIN\Administrator,/v0.5/index.php?page=mysecurityquestions&edit=3
Thu Mar 29 18:31:48 PDT 2007,DOMAIN\Administrator,/v0.5/index.php?page=mysecurityquestions&edit=3
Thu Mar 29 18:31:50 PDT 2007,DOMAIN\Administrator,/v0.5/index.php?page=mysecurityquestions
Thu Mar 29 18:31:51 PDT 2007,DOMAIN\Administrator,/v0.5/index.php?page=mysecurityquestions&edit=3
Thu Mar 29 18:31:52 PDT 2007,DOMAIN\Administrator,/v0.5/index.php?page=mysecurityquestions&edit=3
Thu Mar 29 18:31:54 PDT 2007,DOMAIN\Administrator,/v0.5/index.php?page=mysecurityquestions
Thu Mar 29 18:31:56 PDT 2007,DOMAIN\Administrator,/v0.5/index.php?page=mysecurityquestions&add
Thu Mar 29 18:31:58 PDT 2007,DOMAIN\Administrator,/v0.5/index.php?page=mysecurityquestions&add
Thu Mar 29 18:37:01 PDT 2007,DOMAIN\Administrator,/v0.5/index.php?page=mysecurityquestions
Thu Mar 29 18:37:13 PDT 2007,DOMAIN\Administrator,/v0.5/index.php?page=mysecurityquestions
Thu Mar 29 18:37:15 PDT 2007,DOMAIN\Administrator,/v0.5/index.php?page=mysecurityquestions&add
Thu Mar 29 18:37:21 PDT 2007,DOMAIN\Administrator,/v0.5/index.php?page=mysecurityquestions&add
Thu Mar 29 18:38:02 PDT 2007,DOMAIN\Administrator,/v0.5/index.php?page=mysecurityquestions
Thu Mar 29 18:38:58 PDT 2007,DOMAIN\Administrator,/v0.5/index.php?page=mysecurityquestions&edit=4
Thu Mar 29 18:39:06 PDT 2007,DOMAIN\Administrator,/v0.5/index.php?page=mysecurityquestions
Thu Mar 29 18:39:07 PDT 2007,DOMAIN\Administrator,/v0.5/index.php?page=mysecurityquestions&add
Thu Mar 29 18:39:15 PDT 2007,DOMAIN\Administrator,/v0.5/index.php?page=mysecurityquestions&add
Thu Mar 29 18:39:19 PDT 2007,DOMAIN\Administrator,/v0.5/index.php?page=mysecurityquestions
Thu Mar 29 18:39:37 PDT 2007,DOMAIN\Administrator,/v0.5/index.php?page=mysecurityquestions&debug=ture
Thu Mar 29 18:39:41 PDT 2007,DOMAIN\Administrator,/v0.5/index.php?page=mysecurityquestions&debug=true
Thu Mar 29 18:40:40 PDT 2007,DOMAIN\Administrator,/v0.5/index.php?page=mysecurityquestions
Thu Mar 29 18:40:40 PDT 2007,DOMAIN\Administrator,/v0.5/index.php?page=mysecurityquestions
Thu Mar 29 18:40:42 PDT 2007,DOMAIN\Administrator,/v0.5/index.php?page=mysecurityquestions&add
Thu Mar 29 18:40:49 PDT 2007,DOMAIN\Administrator,/v0.5/index.php?page=mysecurityquestions&add
Thu Mar 29 18:40:53 PDT 2007,DOMAIN\Administrator,/v0.5/index.php?page=mysecurityquestions
Thu Mar 29 18:40:54 PDT 2007,DOMAIN\Administrator,/v0.5/index.php?page=mysecurityquestions&edit=6
Thu Mar 29 18:40:57 PDT 2007,DOMAIN\Administrator,/v0.5/index.php?page=mysecurityquestions&edit=6
Thu Mar 29 18:42:36 PDT 2007,DOMAIN\Administrator,/v0.5/index.php?page=mysecurityquestions
Thu Mar 29 18:42:37 PDT 2007,DOMAIN\Administrator,/v0.5/index.php?page=mysecurityquestions
Thu Mar 29 18:43:00 PDT 2007,DOMAIN\Administrator,/v0.5/index.php?page=mysecurityquestions
Thu Mar 29 18:43:02 PDT 2007,DOMAIN\Administrator,/v0.5/index.php?page=mysecurityquestions&edit=6
Thu Mar 29 18:43:04 PDT 2007,DOMAIN\Administrator,/v0.5/index.php?page=mysecurityquestions&edit=6
Thu Mar 29 18:43:13 PDT 2007,DOMAIN\Administrator,/v0.5/index.php?page=mysecurityquestions
Thu Mar 29 18:44:02 PDT 2007,DOMAIN\Administrator,/v0.5/index.php?page=mysecurityquestions&edit=6
Thu Mar 29 18:44:04 PDT 2007,DOMAIN\Administrator,/v0.5/index.php?page=mysecurityquestions&edit=6
Thu Mar 29 18:44:32 PDT 2007,DOMAIN\Administrator,/v0.5/index.php?page=mysecurityquestions&edit=6
Thu Mar 29 18:44:33 PDT 2007,DOMAIN\Administrator,/v0.5/index.php?page=securityquestions
Thu Mar 29 18:44:36 PDT 2007,DOMAIN\Administrator,/v0.5/index.php?page=mysecurityquestions
Thu Mar 29 18:46:16 PDT 2007,DOMAIN\Administrator,/v0.5/index.php?page=mysecurityquestions
Thu Mar 29 18:46:18 PDT 2007,DOMAIN\Administrator,/v0.5/index.php?page=mysecurityquestions
Thu Mar 29 18:46:19 PDT 2007,DOMAIN\Administrator,/v0.5/index.php?page=mysecurityquestions&edit=6
Thu Mar 29 18:46:21 PDT 2007,DOMAIN\Administrator,/v0.5/index.php?page=mysecurityquestions&edit=6
Thu Mar 29 18:46:23 PDT 2007,DOMAIN\Administrator,/v0.5/index.php?page=mysecurityquestions
Thu Mar 29 18:46:24 PDT 2007,DOMAIN\Administrator,/v0.5/index.php?page=mysecurityquestions&edit=6
Thu Mar 29 18:46:26 PDT 2007,DOMAIN\Administrator,/v0.5/index.php?page=mysecurityquestions&edit=6
Thu Mar 29 18:48:35 PDT 2007,DOMAIN\Administrator,/v0.5/index.php?page=mysecurityquestions
Thu Mar 29 18:48:36 PDT 2007,DOMAIN\Administrator,/v0.5/index.php?page=mysecurityquestions&edit=6
Thu Mar 29 18:48:40 PDT 2007,DOMAIN\Administrator,/v0.5/index.php?page=mysecurityquestions&edit=6
Thu Mar 29 18:48:42 PDT 2007,DOMAIN\Administrator,/v0.5/index.php?page=mysecurityquestions
Thu Mar 29 18:50:07 PDT 2007,DOMAIN\Administrator,/v0.5/index.php?page=mysecurityquestions&edit=6
Thu Mar 29 18:50:18 PDT 2007,DOMAIN\Administrator,/v0.5/index.php?page=mysecurityquestions
Thu Mar 29 18:50:19 PDT 2007,DOMAIN\Administrator,/v0.5/index.php?page=mysecurityquestions&edit=6
Thu Mar 29 18:50:22 PDT 2007,DOMAIN\Administrator,/v0.5/index.php?page=mysecurityquestions&edit=6
Thu Mar 29 18:51:48 PDT 2007,DOMAIN\Administrator,/v0.5/index.php?page=mysecurityquestions
Thu Mar 29 18:51:49 PDT 2007,DOMAIN\Administrator,/v0.5/index.php?page=mysecurityquestions&edit=6
Thu Mar 29 18:51:53 PDT 2007,DOMAIN\Administrator,/v0.5/index.php?page=mysecurityquestions&edit=6
Thu Mar 29 18:52:45 PDT 2007,DOMAIN\Administrator,/v0.5/index.php?page=mysecurityquestions
Thu Mar 29 18:52:47 PDT 2007,DOMAIN\Administrator,/v0.5/index.php?page=mysecurityquestions&add
Thu Mar 29 18:52:55 PDT 2007,DOMAIN\Administrator,/v0.5/index.php?page=mysecurityquestions&add
Thu Mar 29 18:54:06 PDT 2007,DOMAIN\Administrator,/v0.5/index.php?page=mysecurityquestions
Thu Mar 29 18:54:08 PDT 2007,DOMAIN\Administrator,/v0.5/index.php?page=mysecurityquestions&edit=6
Thu Mar 29 18:54:12 PDT 2007,DOMAIN\Administrator,/v0.5/index.php?page=mysecurityquestions&edit=6
Thu Mar 29 18:54:13 PDT 2007,DOMAIN\Administrator,/v0.5/index.php?page=mysecurityquestions
Thu Mar 29 18:54:14 PDT 2007,DOMAIN\Administrator,/v0.5/index.php?page=mysecurityquestions&add
Thu Mar 29 18:54:16 PDT 2007,DOMAIN\Administrator,/v0.5/index.php?page=mysecurityquestions
Thu Mar 29 18:54:18 PDT 2007,DOMAIN\Administrator,/v0.5/index.php?page=mysecurityquestions&add
Thu Mar 29 18:54:31 PDT 2007,DOMAIN\Administrator,/v0.5/index.php?page=mysecurityquestions
Thu Mar 29 18:54:33 PDT 2007,DOMAIN\Administrator,/v0.5/index.php?page=mysecurityquestions&add
Thu Mar 29 18:55:03 PDT 2007,DOMAIN\Administrator,/v0.5/index.php?page=mysecurityquestions
Thu Mar 29 18:55:04 PDT 2007,DOMAIN\Administrator,/v0.5/index.php?page=mysecurityquestions&add
Thu Mar 29 18:56:15 PDT 2007,DOMAIN\Administrator,/v0.5/index.php?page=mysecurityquestions
Thu Mar 29 18:56:16 PDT 2007,DOMAIN\Administrator,/v0.5/index.php?page=mysecurityquestions&add
Thu Mar 29 18:56:30 PDT 2007,DOMAIN\Administrator,/v0.5/index.php?page=mysecurityquestions
Thu Mar 29 18:56:31 PDT 2007,DOMAIN\Administrator,/v0.5/index.php?page=mysecurityquestions&add
Thu Mar 29 18:56:56 PDT 2007,DOMAIN\Administrator,/v0.5/index.php?page=mysecurityquestions&add
Thu Mar 29 18:57:02 PDT 2007,DOMAIN\Administrator,/v0.5/index.php?page=mysecurityquestions
Thu Mar 29 18:57:05 PDT 2007,DOMAIN\Administrator,/v0.5/index.php?page=changemypassword
Thu Mar 29 18:57:12 PDT 2007,DOMAIN\Administrator,/v0.5/index.php?page=mysecurityquestions
Thu Mar 29 18:57:13 PDT 2007,DOMAIN\Administrator,/v0.5/index.php?page=mysecurityquestions&add
Thu Mar 29 18:59:47 PDT 2007,DOMAIN\Administrator,/v0.5/index.php?page=changemypassword
Thu Mar 29 18:59:49 PDT 2007,DOMAIN\Administrator,/v0.5/index.php?page=mysecurityquestions
Thu Mar 29 18:59:56 PDT 2007,DOMAIN\Administrator,/v0.5/index.php?page=changemypassword
Thu Mar 29 18:59:57 PDT 2007,DOMAIN\Administrator,/v0.5/index.php?page=mysecurityquestions
Thu Mar 29 18:59:58 PDT 2007,DOMAIN\Administrator,/v0.5/index.php?page=changemypassword
Thu Mar 29 19:00:03 PDT 2007,DOMAIN\Administrator,/v0.5/index.php?page=changemypassword
Thu Mar 29 19:00:06 PDT 2007,DOMAIN\Administrator,/v0.5/index.php?page=mysecurityquestions
Thu Mar 29 19:00:09 PDT 2007,DOMAIN\Administrator,/v0.5/index.php?page=mysecurityquestions&edit=6
Thu Mar 29 19:00:10 PDT 2007,DOMAIN\Administrator,/v0.5/index.php?page=mysecurityquestions&edit=6
Thu Mar 29 19:02:05 PDT 2007,DOMAIN\Administrator,/v0.5/index.php?page=mysecurityquestions
Thu Mar 29 19:02:08 PDT 2007,DOMAIN\Administrator,/v0.5/index.php?page=mysecurityquestions&add
Thu Mar 29 19:02:13 PDT 2007,DOMAIN\Administrator,/v0.5/index.php?page=mysecurityquestions&add
Thu Mar 29 19:02:24 PDT 2007,DOMAIN\Administrator,/v0.5/index.php?page=mysecurityquestions&add
Thu Mar 29 19:02:30 PDT 2007,DOMAIN\Administrator,/v0.5/index.php?page=mysecurityquestions
Thu Mar 29 19:02:32 PDT 2007,DOMAIN\Administrator,/v0.5/index.php?page=mysecurityquestions&edit=7
Thu Mar 29 19:02:32 PDT 2007,DOMAIN\Administrator,/v0.5/index.php?page=mysecurityquestions&edit=7
Thu Mar 29 19:02:34 PDT 2007,DOMAIN\Administrator,/v0.5/index.php?page=mysecurityquestions
Thu Mar 29 19:04:47 PDT 2007,DOMAIN\Administrator,/v0.5/index.php?page=mysecurityquestions
Thu Mar 29 19:04:49 PDT 2007,DOMAIN\Administrator,/v0.5/index.php?page=mysecurityquestions&edit=4
Thu Mar 29 19:04:50 PDT 2007,DOMAIN\Administrator,/v0.5/index.php?page=mysecurityquestions&edit=4
Thu Mar 29 19:05:35 PDT 2007,DOMAIN\Administrator,/v0.5/index.php?page=mysecurityquestions
Thu Mar 29 19:05:36 PDT 2007,DOMAIN\Administrator,/v0.5/index.php?page=mysecurityquestions&edit=5
Thu Mar 29 19:05:37 PDT 2007,DOMAIN\Administrator,/v0.5/index.php?page=mysecurityquestions&edit=5
Thu Mar 29 19:05:38 PDT 2007,DOMAIN\Administrator,/v0.5/index.php?page=mysecurityquestions
Thu Mar 29 19:05:40 PDT 2007,DOMAIN\Administrator,/v0.5/index.php?page=mysecurityquestions&edit=4
Thu Mar 29 19:05:42 PDT 2007,DOMAIN\Administrator,/v0.5/index.php?page=mysecurityquestions&edit=4
Thu Mar 29 19:05:44 PDT 2007,DOMAIN\Administrator,/v0.5/index.php?page=mysecurityquestions
Thu Mar 29 19:10:12 PDT 2007,DOMAIN\Administrator,/v0.5/index.php?page=changemypassword
Thu Mar 29 19:10:13 PDT 2007,DOMAIN\Administrator,/v0.5/index.php?page=mysecurityquestions
Thu Mar 29 19:10:15 PDT 2007,DOMAIN\Administrator,/v0.5/index.php?page=mynetworkdetails
Thu Mar 29 19:10:15 PDT 2007,DOMAIN\Administrator,/v0.5/index.php?page=searchdirectory
Thu Mar 29 19:10:55 PDT 2007,DOMAIN\Administrator,/v0.5/index.php?page=mysecurityquestions
Thu Mar 29 19:10:55 PDT 2007,DOMAIN\Administrator,/v0.5/index.php?page=mysecurityquestions
Thu Mar 29 19:10:59 PDT 2007,DOMAIN\Administrator,/v0.5/index.php?page=mysecurityquestions&edit=1
Thu Mar 29 19:11:00 PDT 2007,DOMAIN\Administrator,/v0.5/index.php?page=mysecurityquestions&edit=1
Thu Mar 29 19:11:01 PDT 2007,DOMAIN\Administrator,/v0.5/index.php?page=mysecurityquestions
Thu Mar 29 19:11:02 PDT 2007,DOMAIN\Administrator,/v0.5/index.php?page=mysecurityquestions&edit=3
Thu Mar 29 19:11:04 PDT 2007,DOMAIN\Administrator,/v0.5/index.php?page=mysecurityquestions&edit=3
Thu Mar 29 19:11:05 PDT 2007,DOMAIN\Administrator,/v0.5/index.php?page=mysecurityquestions
Thu Mar 29 19:11:06 PDT 2007,DOMAIN\Administrator,/v0.5/index.php?page=mysecurityquestions&edit=5
Thu Mar 29 19:11:07 PDT 2007,DOMAIN\Administrator,/v0.5/index.php?page=mysecurityquestions&edit=5
Thu Mar 29 19:11:08 PDT 2007,DOMAIN\Administrator,/v0.5/index.php?page=mysecurityquestions
Thu Mar 29 19:11:09 PDT 2007,DOMAIN\Administrator,/v0.5/index.php?page=mysecurityquestions&add
Thu Mar 29 19:11:30 PDT 2007,DOMAIN\Administrator,/v0.5/index.php?page=mysecurityquestions&add
Thu Mar 29 19:12:52 PDT 2007,DOMAIN\Administrator,/v0.5/index.php?page=mysecurityquestions
