Wed Nov 29 10:18:10 GMT 2006,PHT_MASTER\LloydJ,/phpadadmin/releases/v0.320/index.php?page=mynetworkdetails
Wed Nov 29 10:18:12 GMT 2006,PHT_MASTER\LloydJ,/phpadadmin/releases/v0.320/index.php?page=mynetworkdetails
Wed Nov 29 10:18:14 GMT 2006,PHT_MASTER\LloydJ,/phpadadmin/releases/v0.320/index.php?page=config
Wed Nov 29 12:24:26 GMT 2006,PHT_MASTER\LloydJ,/phpadadmin/releases/v0.321/index.php
Wed Nov 29 12:28:37 GMT 2006,PHT_MASTER\LloydJ,/phpadadmin/releases/v0.321/index.php?page=config
Wed Nov 29 12:28:42 GMT 2006,PHT_MASTER\LloydJ,/phpadadmin/releases/v0.321/index.php?page=mynetworkdetails
Wed Nov 29 12:28:45 GMT 2006,PHT_MASTER\LloydJ,/phpadadmin/releases/v0.321/index.php?page=config
Wed Nov 29 12:29:10 GMT 2006,PHT_MASTER\LloydJ,/phpadadmin/releases/v0.321/index.php?page=mynetworkdetails
Wed Nov 29 12:34:22 GMT 2006,PHT_MASTER\LloydJ,/phpadadmin/releases/v0.321/index.php?page=mynetworkdetails
Wed Nov 29 12:34:58 GMT 2006,PHT_MASTER\LloydJ,/phpadadmin/releases/v0.321/index.php?page=mynetworkdetails
Wed Nov 29 12:42:52 GMT 2006,PHT_MASTER\LloydJ,/phpadadmin/releases/v0.321/index.php?page=mynetworkdetails
Wed Nov 29 12:43:03 GMT 2006,PHT_MASTER\LloydJ,/phpadadmin/releases/v0.321/index.php?page=mynetworkdetails
Wed Nov 29 12:43:28 GMT 2006,PHT_MASTER\LloydJ,/phpadadmin/releases/v0.321/index.php?page=mynetworkdetails
Wed Nov 29 12:43:29 GMT 2006,PHT_MASTER\LloydJ,/phpadadmin/releases/v0.321/index.php?page=mynetworkdetails
Wed Nov 29 12:44:16 GMT 2006,PHT_MASTER\LloydJ,/phpadadmin/releases/v0.321/index.php?page=mynetworkdetails
Wed Nov 29 12:45:03 GMT 2006,PHT_MASTER\LloydJ,/phpadadmin/releases/v0.321/index.php?page=mynetworkdetails
Wed Nov 29 12:47:23 GMT 2006,PHT_MASTER\LloydJ,/phpadadmin/releases/v0.321/index.php?page=mynetworkdetails
Wed Nov 29 12:52:55 GMT 2006,PHT_MASTER\LloydJ,/phpadadmin/releases/v0.321/index.php?page=mynetworkdetails
Wed Nov 29 12:52:56 GMT 2006,PHT_MASTER\LloydJ,/phpadadmin/releases/v0.321/index.php?page=mynetworkdetails
Wed Nov 29 12:54:31 GMT 2006,PHT_MASTER\LloydJ,/phpadadmin/releases/v0.321/index.php?page=mynetworkdetails
Wed Nov 29 12:55:16 GMT 2006,PHT_MASTER\LloydJ,/phpadadmin/releases/v0.321/index.php?page=mynetworkdetails
Wed Nov 29 12:56:46 GMT 2006,PHT_MASTER\LloydJ,/phpadadmin/releases/v0.321/index.php?page=mynetworkdetails
Wed Nov 29 12:56:47 GMT 2006,PHT_MASTER\LloydJ,/phpadadmin/releases/v0.321/index.php?page=mynetworkdetails
Wed Nov 29 12:56:47 GMT 2006,PHT_MASTER\LloydJ,/phpadadmin/releases/v0.321/index.php?page=mynetworkdetails
Wed Nov 29 12:56:48 GMT 2006,PHT_MASTER\LloydJ,/phpadadmin/releases/v0.321/index.php?page=mynetworkdetails
Wed Nov 29 12:56:49 GMT 2006,PHT_MASTER\LloydJ,/phpadadmin/releases/v0.321/index.php?page=mynetworkdetails
Wed Nov 29 12:56:49 GMT 2006,PHT_MASTER\LloydJ,/phpadadmin/releases/v0.321/index.php?page=mynetworkdetails
Wed Nov 29 12:56:50 GMT 2006,PHT_MASTER\LloydJ,/phpadadmin/releases/v0.321/index.php?page=mynetworkdetails
Wed Nov 29 12:56:51 GMT 2006,PHT_MASTER\LloydJ,/phpadadmin/releases/v0.321/index.php?page=mynetworkdetails
Wed Nov 29 12:56:51 GMT 2006,PHT_MASTER\LloydJ,/phpadadmin/releases/v0.321/index.php?page=mynetworkdetails
Wed Nov 29 12:56:52 GMT 2006,PHT_MASTER\LloydJ,/phpadadmin/releases/v0.321/index.php?page=mynetworkdetails
Wed Nov 29 12:56:52 GMT 2006,PHT_MASTER\LloydJ,/phpadadmin/releases/v0.321/index.php?page=mynetworkdetails
Wed Nov 29 12:56:53 GMT 2006,PHT_MASTER\LloydJ,/phpadadmin/releases/v0.321/index.php?page=mynetworkdetails
Wed Nov 29 12:56:54 GMT 2006,PHT_MASTER\LloydJ,/phpadadmin/releases/v0.321/index.php?page=mynetworkdetails
Wed Nov 29 12:56:55 GMT 2006,PHT_MASTER\LloydJ,/phpadadmin/releases/v0.321/index.php?page=mynetworkdetails
Wed Nov 29 12:56:55 GMT 2006,PHT_MASTER\LloydJ,/phpadadmin/releases/v0.321/index.php?page=mynetworkdetails
Wed Nov 29 12:56:56 GMT 2006,PHT_MASTER\LloydJ,/phpadadmin/releases/v0.321/index.php?page=mynetworkdetails
Wed Nov 29 12:56:56 GMT 2006,PHT_MASTER\LloydJ,/phpadadmin/releases/v0.321/index.php?page=mynetworkdetails
Wed Nov 29 12:56:57 GMT 2006,PHT_MASTER\LloydJ,/phpadadmin/releases/v0.321/index.php?page=mynetworkdetails
Wed Nov 29 12:56:57 GMT 2006,PHT_MASTER\LloydJ,/phpadadmin/releases/v0.321/index.php?page=mynetworkdetails
Wed Nov 29 12:56:59 GMT 2006,PHT_MASTER\LloydJ,/phpadadmin/releases/v0.321/index.php?page=mynetworkdetails
Wed Nov 29 12:57:22 GMT 2006,PHT_MASTER\LloydJ,/phpadadmin/releases/v0.321/index.php?page=mynetworkdetails
Wed Nov 29 12:57:26 GMT 2006,PHT_MASTER\LloydJ,/phpadadmin/releases/v0.321/index.php?page=userinfo-update
Wed Nov 29 12:57:31 GMT 2006,PHT_MASTER\LloydJ,/phpadadmin/releases/v0.321/index.php
Wed Nov 29 12:57:53 GMT 2006,pht_master\lloydj,/phpadadmin/releases/v0.321/index.php
Wed Nov 29 12:58:43 GMT 2006,pht_master\lloydj,/phpadadmin/releases/v0.321/index.php
Wed Nov 29 12:58:44 GMT 2006,pht_master\lloydj,/phpadadmin/releases/v0.321/index.php?page=mynetworkdetails
Wed Nov 29 12:59:05 GMT 2006,pht_master\lloydj,/phpadadmin/releases/v0.321/index.php?page=userinfo-update
Wed Nov 29 12:59:07 GMT 2006,pht_master\lloydj,/phpadadmin/releases/v0.321/index.php
Wed Nov 29 13:11:59 GMT 2006,PHT_MASTER\LloydJ,/phpadadmin/releases/v0.321/index.php?page=mynetworkdetails
Wed Nov 29 13:13:35 GMT 2006,pht_master\lloydj,/phpadadmin/releases/v0.321/index.php?page=userinfo-update
Wed Nov 29 13:13:37 GMT 2006,pht_master\lloydj,/phpadadmin/releases/v0.321/index.php
Wed Nov 29 13:13:42 GMT 2006,pht_master\lloydj,/phpadadmin/releases/v0.321/index.php?page=userinfo-update
Wed Nov 29 13:13:43 GMT 2006,pht_master\lloydj,/phpadadmin/releases/v0.321/index.php
Wed Nov 29 13:14:43 GMT 2006,pht_master\lloydj,/phpadadmin/releases/v0.321/index.php?page=userinfo-update
Wed Nov 29 13:24:07 GMT 2006,pht_master\lloydj,/phpadadmin/releases/v0.321/index.php?page=mynetworkdetails
Wed Nov 29 13:24:39 GMT 2006,pht_master\lloydj,/phpadadmin/releases/v0.321/index.php?page=mynetworkdetails
Wed Nov 29 13:44:48 GMT 2006,PHT_MASTER\LloydJ,/phpadadmin/releases/v0.321/index.php?page=mynetworkdetails
Wed Nov 29 13:44:49 GMT 2006,PHT_MASTER\LloydJ,/phpadadmin/releases/v0.321/index.php?page=userinfo-update
Wed Nov 29 13:45:09 GMT 2006,PHT_MASTER\LloydJ,/phpadadmin/releases/v0.321/index.php?page=userinfo-update
Wed Nov 29 13:46:09 GMT 2006,PHT_MASTER\LloydJ,/phpadadmin/releases/v0.321/index.php?page=userinfo-update
Wed Nov 29 13:47:26 GMT 2006,pht_master\lloydj,/phpadadmin/releases/v0.321/index.php?page=mynetworkdetails
Wed Nov 29 13:47:28 GMT 2006,pht_master\lloydj,/phpadadmin/releases/v0.321/index.php?page=userinfo-update
Wed Nov 29 13:49:19 GMT 2006,pht_master\lloydj,/phpadadmin/releases/v0.321/index.php?page=mynetworkdetails
Wed Nov 29 13:49:22 GMT 2006,pht_master\lloydj,/phpadadmin/releases/v0.321/index.php?page=userinfo-update
Wed Nov 29 13:49:28 GMT 2006,pht_master\lloydj,/phpadadmin/releases/v0.321/index.php?page=userinfo-update
Wed Nov 29 13:49:36 GMT 2006,pht_master\lloydj,/phpadadmin/releases/v0.321/index.php?page=config
Wed Nov 29 13:49:39 GMT 2006,pht_master\lloydj,/phpadadmin/releases/v0.321/index.php?page=config
Wed Nov 29 13:49:40 GMT 2006,pht_master\lloydj,/phpadadmin/releases/v0.321/index.php?page=mynetworkdetails
Wed Nov 29 13:49:55 GMT 2006,pht_master\lloydj,/phpadadmin/releases/v0.321/index.php?page=config
Wed Nov 29 13:49:58 GMT 2006,pht_master\lloydj,/phpadadmin/releases/v0.321/index.php?page=config
Wed Nov 29 13:50:00 GMT 2006,pht_master\lloydj,/phpadadmin/releases/v0.321/index.php?page=mynetworkdetails
Wed Nov 29 13:52:38 GMT 2006,pht_master\lloydj,/phpadadmin/releases/v0.321/index.php?page=mynetworkdetails
Wed Nov 29 13:52:40 GMT 2006,pht_master\lloydj,/phpadadmin/releases/v0.321/index.php?page=mynetworkdetails
Wed Nov 29 13:52:49 GMT 2006,pht_master\lloydj,/phpadadmin/releases/v0.321/index.php?page=mynetworkdetails
Wed Nov 29 13:52:52 GMT 2006,pht_master\lloydj,/phpadadmin/releases/v0.321/index.php?page=userinfo-update
Wed Nov 29 13:53:37 GMT 2006,pht_master\lloydj,/phpadadmin/releases/v0.321/index.php?page=userinfo-update
Wed Nov 29 13:55:10 GMT 2006,pht_master\lloydj,/phpadadmin/releases/v0.321/index.php?page=userinfo-update
Wed Nov 29 13:55:34 GMT 2006,pht_master\lloydj,/phpadadmin/releases/v0.321/index.php?page=userinfo-update
Wed Nov 29 13:56:04 GMT 2006,pht_master\lloydj,/phpadadmin/releases/v0.321/index.php?page=mynetworkdetails
Wed Nov 29 13:56:08 GMT 2006,pht_master\lloydj,/phpadadmin/releases/v0.321/index.php?page=userinfo-update
Wed Nov 29 13:56:38 GMT 2006,pht_master\lloydj,/phpadadmin/releases/v0.321/index.php?page=mynetworkdetails
Wed Nov 29 13:56:51 GMT 2006,pht_master\lloydj,/phpadadmin/releases/v0.321/index.php?page=userinfo-update
Wed Nov 29 13:57:19 GMT 2006,pht_master\lloydj,/phpadadmin/releases/v0.321/index.php?page=mynetworkdetails
Wed Nov 29 13:57:33 GMT 2006,PHT_MASTER\LloydJ,/phpadadmin/releases/v0.321/index.php?page=mynetworkdetails
Wed Nov 29 13:57:36 GMT 2006,PHT_MASTER\LloydJ,/phpadadmin/releases/v0.321/index.php?page=userinfo-update
Wed Nov 29 13:58:16 GMT 2006,PHT_MASTER\LloydJ,/phpadadmin/releases/v0.321/index.php?page=mynetworkdetails
Wed Nov 29 13:58:19 GMT 2006,PHT_MASTER\LloydJ,/phpadadmin/releases/v0.321/index.php?page=userinfo-update
Wed Nov 29 13:58:38 GMT 2006,PHT_MASTER\LloydJ,/phpadadmin/releases/v0.321/index.php?page=mynetworkdetails
Wed Nov 29 13:58:39 GMT 2006,PHT_MASTER\LloydJ,/phpadadmin/releases/v0.321/index.php?page=userinfo-update
Wed Nov 29 13:58:42 GMT 2006,PHT_MASTER\LloydJ,/phpadadmin/releases/v0.321/index.php?page=mynetworkdetails
Wed Nov 29 13:58:46 GMT 2006,PHT_MASTER\LloydJ,/phpadadmin/releases/v0.321/index.php?page=userinfo-update
Wed Nov 29 13:59:08 GMT 2006,PHT_MASTER\LloydJ,/phpadadmin/releases/v0.321/index.php?page=mynetworkdetails
Wed Nov 29 13:59:11 GMT 2006,PHT_MASTER\LloydJ,/phpadadmin/releases/v0.321/index.php?page=userinfo-update
Wed Nov 29 13:59:13 GMT 2006,PHT_MASTER\LloydJ,/phpadadmin/releases/v0.321/index.php?page=mynetworkdetails
Wed Nov 29 14:00:48 GMT 2006,PHT_MASTER\LloydJ,/phpadadmin/releases/v0.321/index.php?page=userinfo-update
Wed Nov 29 14:00:50 GMT 2006,PHT_MASTER\LloydJ,/phpadadmin/releases/v0.321/index.php?page=mynetworkdetails
Wed Nov 29 14:02:05 GMT 2006,PHT_MASTER\LloydJ,/phpadadmin/releases/v0.321/index.php?page=mynetworkdetails
Wed Nov 29 14:02:16 GMT 2006,PHT_MASTER\LloydJ,/phpadadmin/releases/v0.321/index.php?page=mynetworkdetails
Wed Nov 29 14:03:06 GMT 2006,PHT_MASTER\LloydJ,/phpadadmin/releases/v0.321/index.php?page=mynetworkdetails
Wed Nov 29 14:03:11 GMT 2006,PHT_MASTER\LloydJ,/phpadadmin/releases/v0.321/index.php?page=config
Wed Nov 29 14:03:14 GMT 2006,PHT_MASTER\LloydJ,/phpadadmin/releases/v0.321/index.php?page=mynetworkdetails
Wed Nov 29 14:03:25 GMT 2006,PHT_MASTER\LloydJ,/phpadadmin/releases/v0.321/index.php?page=mynetworkdetails
Wed Nov 29 14:03:39 GMT 2006,PHT_MASTER\LloydJ,/phpadadmin/releases/v0.321/index.php?page=mynetworkdetails
Wed Nov 29 14:05:14 GMT 2006,PHT_MASTER\LloydJ,/phpadadmin/releases/v0.321/index.php?page=mynetworkdetails
Wed Nov 29 14:05:52 GMT 2006,PHT_MASTER\LloydJ,/phpadadmin/releases/v0.321/index.php?page=mynetworkdetails
Wed Nov 29 14:06:01 GMT 2006,PHT_MASTER\LloydJ,/phpadadmin/releases/v0.321/index.php?page=config
Wed Nov 29 14:06:06 GMT 2006,PHT_MASTER\LloydJ,/phpadadmin/releases/v0.321/index.php?page=mynetworkdetails
Wed Nov 29 14:08:48 GMT 2006,PHT_MASTER\LloydJ,/phpadadmin/releases/v0.321/index.php?page=mynetworkdetails
Wed Nov 29 14:08:50 GMT 2006,PHT_MASTER\LloydJ,/phpadadmin/releases/v0.321/index.php?page=mynetworkdetails
Wed Nov 29 14:08:51 GMT 2006,PHT_MASTER\LloydJ,/phpadadmin/releases/v0.321/index.php?page=mynetworkdetails
Wed Nov 29 14:08:51 GMT 2006,PHT_MASTER\LloydJ,/phpadadmin/releases/v0.321/index.php?page=mynetworkdetails
Wed Nov 29 14:09:17 GMT 2006,PHT_MASTER\LloydJ,/phpadadmin/releases/v0.321/index.php?page=mynetworkdetails
Wed Nov 29 14:09:21 GMT 2006,PHT_MASTER\LloydJ,/phpadadmin/releases/v0.321/index.php?page=userinfo-update
Wed Nov 29 14:09:23 GMT 2006,PHT_MASTER\LloydJ,/phpadadmin/releases/v0.321/index.php?page=mynetworkdetails
Wed Nov 29 14:09:25 GMT 2006,PHT_MASTER\LloydJ,/phpadadmin/releases/v0.321/index.php?page=userinfo-update
Wed Nov 29 14:09:27 GMT 2006,PHT_MASTER\LloydJ,/phpadadmin/releases/v0.321/index.php?page=mynetworkdetails
Wed Nov 29 14:10:11 GMT 2006,PHT_MASTER\LloydJ,/phpadadmin/releases/v0.321/index.php?page=config
Wed Nov 29 14:10:12 GMT 2006,PHT_MASTER\LloydJ,/phpadadmin/releases/v0.321/index.php?page=config
Wed Nov 29 14:10:15 GMT 2006,PHT_MASTER\LloydJ,/phpadadmin/releases/v0.321/index.php?page=mynetworkdetails
Wed Nov 29 14:10:20 GMT 2006,PHT_MASTER\LloydJ,/phpadadmin/releases/v0.321/index.php?page=mynetworkdetails
Wed Nov 29 14:10:33 GMT 2006,PHT_MASTER\LloydJ,/phpadadmin/releases/v0.321/index.php?page=mynetworkdetails
Wed Nov 29 14:14:49 GMT 2006,PHT_MASTER\LloydJ,/phpadadmin/releases/v0.321/index.php?page=mynetworkdetails
Wed Nov 29 14:14:50 GMT 2006,PHT_MASTER\LloydJ,/phpadadmin/releases/v0.321/index.php?page=mynetworkdetails
Wed Nov 29 14:14:52 GMT 2006,PHT_MASTER\LloydJ,/phpadadmin/releases/v0.321/index.php?page=config
Wed Nov 29 14:15:18 GMT 2006,PHT_MASTER\LloydJ,/phpadadmin/releases/v0.321/index.php?page=config
Wed Nov 29 14:15:21 GMT 2006,PHT_MASTER\LloydJ,/phpadadmin/releases/v0.321/index.php?page=config
Wed Nov 29 14:15:22 GMT 2006,PHT_MASTER\LloydJ,/phpadadmin/releases/v0.321/index.php?page=mynetworkdetails
Wed Nov 29 14:15:29 GMT 2006,PHT_MASTER\LloydJ,/phpadadmin/releases/v0.321/index.php?page=config
Wed Nov 29 14:22:34 GMT 2006,PHT_MASTER\LloydJ,/phpadadmin/releases/v0.321/index.php?page=mynetworkdetails
Wed Nov 29 14:22:55 GMT 2006,PHT_MASTER\LloydJ,/phpadadmin/releases/v0.321/index.php?page=mynetworkdetails
Wed Nov 29 14:23:05 GMT 2006,PHT_MASTER\LloydJ,/phpadadmin/releases/v0.321/index.php?page=userinfo-update
Wed Nov 29 14:23:08 GMT 2006,PHT_MASTER\LloydJ,/phpadadmin/releases/v0.321/index.php?page=mynetworkdetails
Wed Nov 29 14:24:10 GMT 2006,PHT_MASTER\LloydJ,/phpadadmin/releases/v0.321/index.php?page=userinfo-update
Wed Nov 29 14:33:40 GMT 2006,PHT_MASTER\LloydJ,/phpadadmin/releases/v0.321/index.php?page=mynetworkdetails
Wed Nov 29 14:33:56 GMT 2006,PHT_MASTER\LloydJ,/phpadadmin/releases/v0.321/index.php?page=mynetworkdetails
Wed Nov 29 14:33:57 GMT 2006,PHT_MASTER\LloydJ,/phpadadmin/releases/v0.321/index.php?page=mynetworkdetails
Wed Nov 29 14:33:58 GMT 2006,PHT_MASTER\LloydJ,/phpadadmin/releases/v0.321/index.php?page=mynetworkdetails
Wed Nov 29 14:34:00 GMT 2006,PHT_MASTER\LloydJ,/phpadadmin/releases/v0.321/index.php?page=userinfo-update
Wed Nov 29 14:34:34 GMT 2006,PHT_MASTER\LloydJ,/phpadadmin/releases/v0.321/index.php?page=mynetworkdetails
Wed Nov 29 14:35:00 GMT 2006,PHT_MASTER\LloydJ,/phpadadmin/releases/v0.321/index.php?page=userinfo-update
Wed Nov 29 14:35:01 GMT 2006,PHT_MASTER\LloydJ,/phpadadmin/releases/v0.321/index.php?page=mynetworkdetails
Wed Nov 29 14:35:17 GMT 2006,PHT_MASTER\LloydJ,/phpadadmin/releases/v0.321/index.php?page=mynetworkdetails
Wed Nov 29 14:35:47 GMT 2006,PHT_MASTER\LloydJ,/phpadadmin/releases/v0.321/index.php?page=mynetworkdetails
Wed Nov 29 14:36:06 GMT 2006,PHT_MASTER\LloydJ,/phpadadmin/releases/v0.321/index.php?page=userinfo-update
Wed Nov 29 14:36:08 GMT 2006,PHT_MASTER\LloydJ,/phpadadmin/releases/v0.321/index.php?page=mynetworkdetails
Wed Nov 29 14:36:20 GMT 2006,PHT_MASTER\LloydJ,/phpadadmin/releases/v0.321/index.php?page=mynetworkdetails
Wed Nov 29 14:36:26 GMT 2006,PHT_MASTER\LloydJ,/phpadadmin/releases/v0.321/index.php?page=userinfo-update
Wed Nov 29 14:36:35 GMT 2006,PHT_MASTER\LloydJ,/phpadadmin/releases/v0.321/index.php?page=mynetworkdetails
Wed Nov 29 15:12:18 GMT 2006,PHT_MASTER\LloydJ,/phpadadmin/releases/v0.321/index.php?page=mynetworkdetails
Wed Nov 29 15:13:22 GMT 2006,PHT_MASTER\LloydJ,/phpadadmin/releases/v0.321/index.php?page=config
Wed Nov 29 15:14:50 GMT 2006,PHT_MASTER\LloydJ,/phpadadmin/releases/v0.321/index.php?page=mynetworkdetails
Wed Nov 29 15:15:09 GMT 2006,PHT_MASTER\LloydJ,/phpadadmin/releases/v0.321/index.php?page=userinfo-update
Wed Nov 29 15:15:10 GMT 2006,PHT_MASTER\LloydJ,/phpadadmin/releases/v0.321/index.php?page=mynetworkdetails
Wed Nov 29 15:15:22 GMT 2006,PHT_MASTER\LloydJ,/phpadadmin/releases/v0.321/index.php?page=mynetworkdetails
Wed Nov 29 15:25:40 GMT 2006,PHT_MASTER\LloydJ,/phpadadmin/releases/v0.321/index.php?page=mynetworkdetails
Wed Nov 29 15:25:43 GMT 2006,PHT_MASTER\LloydJ,/phpadadmin/releases/v0.321/index.php?page=myfolders
Wed Nov 29 15:25:44 GMT 2006,PHT_MASTER\LloydJ,/phpadadmin/releases/v0.321/index.php?page=mygroups
Wed Nov 29 15:25:46 GMT 2006,PHT_MASTER\LloydJ,/phpadadmin/releases/v0.321/index.php?page=mynetworkdetails
Wed Nov 29 15:27:12 GMT 2006,PHT_MASTER\LloydJ,/phpadadmin/releases/v0.321/index.php?page=userinfo-update
Wed Nov 29 15:27:15 GMT 2006,PHT_MASTER\LloydJ,/phpadadmin/releases/v0.321/index.php?page=mynetworkdetails
Wed Nov 29 16:10:49 GMT 2006,PHT_MASTER\LloydJ,/phpadadmin/releases/v0.321/index.php?page=mynetworkdetails
Wed Nov 29 16:12:52 GMT 2006,PHT_MASTER\LloydJ,/phpadadmin/releases/v0.321/index.php?page=mynetworkdetails
Wed Nov 29 16:13:15 GMT 2006,PHT_MASTER\LloydJ,/phpadadmin/releases/v0.321/index.php?page=mynetworkdetails
Wed Nov 29 16:13:22 GMT 2006,PHT_MASTER\LloydJ,/phpadadmin/releases/v0.321/index.php?page=mynetworkdetails
Wed Nov 29 16:13:36 GMT 2006,PHT_MASTER\LloydJ,/phpadadmin/releases/v0.321/index.php?page=mynetworkdetails
Wed Nov 29 16:13:47 GMT 2006,PHT_MASTER\LloydJ,/phpadadmin/releases/v0.321/index.php?page=mynetworkdetails
Wed Nov 29 16:20:46 GMT 2006,PHT_MASTER\LloydJ,/phpadadmin/releases/v0.321/index.php?page=config
Wed Nov 29 16:20:49 GMT 2006,PHT_MASTER\LloydJ,/phpadadmin/releases/v0.321/index.php?page=config
Wed Nov 29 16:22:26 GMT 2006,PHT_MASTER\LloydJ,/phpadadmin/releases/v0.321/index.php?page=config
Wed Nov 29 16:22:37 GMT 2006,PHT_MASTER\LloydJ,/phpadadmin/releases/v0.321/index.php?page=config
Wed Nov 29 16:22:43 GMT 2006,PHT_MASTER\LloydJ,/phpadadmin/releases/v0.321/index.php?page=config
Wed Nov 29 16:22:51 GMT 2006,PHT_MASTER\LloydJ,/phpadadmin/releases/v0.321/index.php?page=mynetworkdetails
Wed Nov 29 16:23:05 GMT 2006,PHT_MASTER\LloydJ,/phpadadmin/releases/v0.321/index.php?page=myfolders
Wed Nov 29 16:23:06 GMT 2006,PHT_MASTER\LloydJ,/phpadadmin/releases/v0.321/index.php?page=myfolders
Wed Nov 29 16:23:09 GMT 2006,PHT_MASTER\LloydJ,/phpadadmin/releases/v0.321/index.php?page=mygroups
Wed Nov 29 16:23:10 GMT 2006,PHT_MASTER\LloydJ,/phpadadmin/releases/v0.321/index.php?page=mynetworkdetails
